08:20:42:673  INFO 8416 --- [main] com.hmall.HMallApplication               : Starting HMallApplication using Java 17.0.9 on LAPTOP-60HRQ1D9 with PID 8416 (D:\SpringCloud project\heima-mall\back-end\src\hmall\hm-service\target\classes started by loser in D:\SpringCloud project\heima-mall\back-end\src\hmall)
08:20:42:678 DEBUG 8416 --- [main] com.hmall.HMallApplication               : Running with Spring Boot v2.7.12, Spring v5.3.27
08:20:42:680  INFO 8416 --- [main] com.hmall.HMallApplication               : The following 1 profile is active: "local"
08:20:43:574  INFO 8416 --- [main] .s.d.r.c.RepositoryConfigurationDelegate : Multiple Spring Data modules found, entering strict repository configuration mode
08:20:43:577  INFO 8416 --- [main] .s.d.r.c.RepositoryConfigurationDelegate : Bootstrapping Spring Data Redis repositories in DEFAULT mode.
08:20:43:616  INFO 8416 --- [main] .s.d.r.c.RepositoryConfigurationDelegate : Finished Spring Data repository scanning in 18 ms. Found 0 Redis repository interfaces.
08:20:44:250  INFO 8416 --- [main] o.s.b.w.embedded.tomcat.TomcatWebServer  : Tomcat initialized with port(s): 8080 (http)
08:20:44:260  INFO 8416 --- [main] o.apache.catalina.core.StandardService   : Starting service [Tomcat]
08:20:44:260  INFO 8416 --- [main] org.apache.catalina.core.StandardEngine  : Starting Servlet engine: [Apache Tomcat/9.0.75]
08:20:44:444  INFO 8416 --- [main] o.a.c.c.C.[Tomcat].[localhost].[/]       : Initializing Spring embedded WebApplicationContext
08:20:44:444  INFO 8416 --- [main] w.s.c.ServletWebServerApplicationContext : Root WebApplicationContext: initialization completed in 1710 ms
08:20:46:153  INFO 8416 --- [main] pertySourcedRequestMappingHandlerMapping : Mapped URL path [/v2/api-docs] onto method [springfox.documentation.swagger2.web.Swagger2ControllerWebMvc#getDocumentation(String, HttpServletRequest)]
08:20:46:624  INFO 8416 --- [main] o.s.b.w.embedded.tomcat.TomcatWebServer  : Tomcat started on port(s): 8080 (http) with context path ''
08:20:46:625  INFO 8416 --- [main] d.s.w.p.DocumentationPluginsBootstrapper : Documentation plugins bootstrapped
08:20:46:629  INFO 8416 --- [main] d.s.w.p.DocumentationPluginsBootstrapper : Found 1 custom documentation plugin(s)
08:20:46:658  INFO 8416 --- [main] s.d.s.w.s.ApiListingReferenceScanner     : Scanning for api listing references
08:20:46:838  INFO 8416 --- [main] com.hmall.HMallApplication               : Started HMallApplication in 4.606 seconds (JVM running for 5.575)
08:21:14:106  INFO 8416 --- [http-nio-8080-exec-1] o.a.c.c.C.[Tomcat].[localhost].[/]       : Initializing Spring DispatcherServlet 'dispatcherServlet'
08:21:14:106  INFO 8416 --- [http-nio-8080-exec-1] o.s.web.servlet.DispatcherServlet        : Initializing Servlet 'dispatcherServlet'
08:21:14:108  INFO 8416 --- [http-nio-8080-exec-1] o.s.web.servlet.DispatcherServlet        : Completed initialization in 2 ms
08:21:14:420  WARN 8416 --- [http-nio-8080-exec-1] c.b.m.c.t.support.ReflectLambdaMeta      : Unable to make field private final java.lang.Class java.lang.invoke.SerializedLambda.capturingClass accessible: module java.base does not "opens java.lang.invoke" to unnamed module @6302bbb1
08:21:14:450  INFO 8416 --- [http-nio-8080-exec-1] com.zaxxer.hikari.HikariDataSource       : HikariPool-1 - Starting...
08:21:15:089  INFO 8416 --- [http-nio-8080-exec-1] com.zaxxer.hikari.HikariDataSource       : HikariPool-1 - Start completed.
08:21:15:101 DEBUG 8416 --- [http-nio-8080-exec-1] com.hmall.mapper.UserMapper.selectList   : ==>  Preparing: SELECT id,username,password,phone,create_time,update_time,status,balance FROM user WHERE (username = ?)
08:21:15:146 DEBUG 8416 --- [http-nio-8080-exec-1] com.hmall.mapper.UserMapper.selectList   : ==> Parameters: Jack(String)
08:21:15:227 DEBUG 8416 --- [http-nio-8080-exec-1] com.hmall.mapper.UserMapper.selectList   : <==      Total: 1
08:21:15:755 DEBUG 8416 --- [http-nio-8080-exec-2] com.hmall.mapper.CartMapper.selectList   : ==>  Preparing: SELECT id,user_id,item_id,num,name,spec,price,image,create_time,update_time FROM cart WHERE (user_id = ?)
08:21:15:756 DEBUG 8416 --- [http-nio-8080-exec-2] com.hmall.mapper.CartMapper.selectList   : ==> Parameters: 1(Long)
08:21:15:762 DEBUG 8416 --- [http-nio-8080-exec-2] com.hmall.mapper.CartMapper.selectList   : <==      Total: 0
08:21:24:787 DEBUG 8416 --- [http-nio-8080-exec-3] c.h.m.ItemMapper.selectPage_mpCount      : ==>  Preparing: SELECT COUNT(*) AS total FROM item WHERE (status = ?)
08:21:24:788 DEBUG 8416 --- [http-nio-8080-exec-3] c.h.m.ItemMapper.selectPage_mpCount      : ==> Parameters: 1(Integer)
08:21:24:862 DEBUG 8416 --- [http-nio-8080-exec-3] c.h.m.ItemMapper.selectPage_mpCount      : <==      Total: 1
08:21:24:872 DEBUG 8416 --- [http-nio-8080-exec-3] com.hmall.mapper.ItemMapper.selectPage   : ==>  Preparing: SELECT id, name, price, stock, image, category, brand, spec, sold, comment_count, isAD, status, create_time, update_time, creater, updater FROM item WHERE (status = ?) ORDER BY update_time DESC LIMIT ?
08:21:24:872 DEBUG 8416 --- [http-nio-8080-exec-3] com.hmall.mapper.ItemMapper.selectPage   : ==> Parameters: 1(Integer), 20(Long)
08:21:24:891 DEBUG 8416 --- [http-nio-8080-exec-3] com.hmall.mapper.ItemMapper.selectPage   : <==      Total: 20
08:21:27:904 DEBUG 8416 --- [http-nio-8080-exec-4] c.hmall.mapper.AddressMapper.selectList  : ==>  Preparing: SELECT id,user_id,province,city,town,mobile,street,contact,is_default,notes FROM address WHERE (user_id = ?)
08:21:27:905 DEBUG 8416 --- [http-nio-8080-exec-4] c.hmall.mapper.AddressMapper.selectList  : ==> Parameters: 1(Long)
08:21:27:913 DEBUG 8416 --- [http-nio-8080-exec-4] c.hmall.mapper.AddressMapper.selectList  : <==      Total: 4
08:28:54:150  INFO 8416 --- [SpringApplicationShutdownHook] com.zaxxer.hikari.HikariDataSource       : HikariPool-1 - Shutdown initiated...
08:28:54:171  INFO 8416 --- [SpringApplicationShutdownHook] com.zaxxer.hikari.HikariDataSource       : HikariPool-1 - Shutdown completed.
09:00:54:255  INFO 17220 --- [main] com.hmall.HMallApplication               : Starting HMallApplication using Java 17.0.9 on LAPTOP-60HRQ1D9 with PID 17220 (D:\SpringCloud project\heima-mall\back-end\src\hmall\hm-service\target\classes started by loser in D:\SpringCloud project\heima-mall\back-end\src\hmall)
09:00:54:257 DEBUG 17220 --- [main] com.hmall.HMallApplication               : Running with Spring Boot v2.7.12, Spring v5.3.27
09:00:54:257  INFO 17220 --- [main] com.hmall.HMallApplication               : The following 1 profile is active: "local"
09:00:54:731  INFO 17220 --- [main] .s.d.r.c.RepositoryConfigurationDelegate : Multiple Spring Data modules found, entering strict repository configuration mode
09:00:54:733  INFO 17220 --- [main] .s.d.r.c.RepositoryConfigurationDelegate : Bootstrapping Spring Data Redis repositories in DEFAULT mode.
09:00:54:751  INFO 17220 --- [main] .s.d.r.c.RepositoryConfigurationDelegate : Finished Spring Data repository scanning in 9 ms. Found 0 Redis repository interfaces.
09:00:55:108  INFO 17220 --- [main] o.s.b.w.embedded.tomcat.TomcatWebServer  : Tomcat initialized with port(s): 8080 (http)
09:00:55:112  INFO 17220 --- [main] o.apache.catalina.core.StandardService   : Starting service [Tomcat]
09:00:55:113  INFO 17220 --- [main] org.apache.catalina.core.StandardEngine  : Starting Servlet engine: [Apache Tomcat/9.0.75]
09:00:55:226  INFO 17220 --- [main] o.a.c.c.C.[Tomcat].[localhost].[/]       : Initializing Spring embedded WebApplicationContext
09:00:55:226  INFO 17220 --- [main] w.s.c.ServletWebServerApplicationContext : Root WebApplicationContext: initialization completed in 941 ms
09:00:56:088  INFO 17220 --- [main] pertySourcedRequestMappingHandlerMapping : Mapped URL path [/v2/api-docs] onto method [springfox.documentation.swagger2.web.Swagger2ControllerWebMvc#getDocumentation(String, HttpServletRequest)]
09:00:56:312  INFO 17220 --- [main] o.s.b.w.embedded.tomcat.TomcatWebServer  : Tomcat started on port(s): 8080 (http) with context path ''
09:00:56:313  INFO 17220 --- [main] d.s.w.p.DocumentationPluginsBootstrapper : Documentation plugins bootstrapped
09:00:56:316  INFO 17220 --- [main] d.s.w.p.DocumentationPluginsBootstrapper : Found 1 custom documentation plugin(s)
09:00:56:335  INFO 17220 --- [main] s.d.s.w.s.ApiListingReferenceScanner     : Scanning for api listing references
09:00:56:443  INFO 17220 --- [main] com.hmall.HMallApplication               : Started HMallApplication in 2.398 seconds (JVM running for 2.855)
09:02:03:476  INFO 20484 --- [main] com.hmall.HMallApplication               : Starting HMallApplication using Java 17.0.9 on LAPTOP-60HRQ1D9 with PID 20484 (D:\SpringCloud project\heima-mall\back-end\src\hmall\hm-service\target\classes started by loser in D:\SpringCloud project\heima-mall\back-end\src\hmall)
09:02:03:477 DEBUG 20484 --- [main] com.hmall.HMallApplication               : Running with Spring Boot v2.7.12, Spring v5.3.27
09:02:03:478  INFO 20484 --- [main] com.hmall.HMallApplication               : The following 1 profile is active: "local"
09:02:03:953  INFO 20484 --- [main] .s.d.r.c.RepositoryConfigurationDelegate : Multiple Spring Data modules found, entering strict repository configuration mode
09:02:03:956  INFO 20484 --- [main] .s.d.r.c.RepositoryConfigurationDelegate : Bootstrapping Spring Data Redis repositories in DEFAULT mode.
09:02:03:979  INFO 20484 --- [main] .s.d.r.c.RepositoryConfigurationDelegate : Finished Spring Data repository scanning in 14 ms. Found 0 Redis repository interfaces.
09:02:04:339  INFO 20484 --- [main] o.s.b.w.embedded.tomcat.TomcatWebServer  : Tomcat initialized with port(s): 8080 (http)
09:02:04:345  INFO 20484 --- [main] o.apache.catalina.core.StandardService   : Starting service [Tomcat]
09:02:04:345  INFO 20484 --- [main] org.apache.catalina.core.StandardEngine  : Starting Servlet engine: [Apache Tomcat/9.0.75]
09:02:04:460  INFO 20484 --- [main] o.a.c.c.C.[Tomcat].[localhost].[/]       : Initializing Spring embedded WebApplicationContext
09:02:04:461  INFO 20484 --- [main] w.s.c.ServletWebServerApplicationContext : Root WebApplicationContext: initialization completed in 955 ms
09:02:05:355  INFO 20484 --- [main] pertySourcedRequestMappingHandlerMapping : Mapped URL path [/v2/api-docs] onto method [springfox.documentation.swagger2.web.Swagger2ControllerWebMvc#getDocumentation(String, HttpServletRequest)]
09:02:05:593  INFO 20484 --- [main] o.s.b.w.embedded.tomcat.TomcatWebServer  : Tomcat started on port(s): 8080 (http) with context path ''
09:02:05:594  INFO 20484 --- [main] d.s.w.p.DocumentationPluginsBootstrapper : Documentation plugins bootstrapped
09:02:05:595  INFO 20484 --- [main] d.s.w.p.DocumentationPluginsBootstrapper : Found 1 custom documentation plugin(s)
09:02:05:614  INFO 20484 --- [main] s.d.s.w.s.ApiListingReferenceScanner     : Scanning for api listing references
09:02:05:723  INFO 20484 --- [main] com.hmall.HMallApplication               : Started HMallApplication in 2.471 seconds (JVM running for 2.908)
09:04:58:751  INFO 4992 --- [main] com.hmall.HMallApplication               : Starting HMallApplication using Java 17.0.9 on LAPTOP-60HRQ1D9 with PID 4992 (D:\SpringCloud project\heima-mall\back-end\src\hmall\hm-service\target\classes started by loser in D:\SpringCloud project\heima-mall\back-end\src\hmall)
09:04:58:754 DEBUG 4992 --- [main] com.hmall.HMallApplication               : Running with Spring Boot v2.7.12, Spring v5.3.27
09:04:58:754  INFO 4992 --- [main] com.hmall.HMallApplication               : The following 1 profile is active: "local"
09:04:59:243  INFO 4992 --- [main] .s.d.r.c.RepositoryConfigurationDelegate : Multiple Spring Data modules found, entering strict repository configuration mode
09:04:59:245  INFO 4992 --- [main] .s.d.r.c.RepositoryConfigurationDelegate : Bootstrapping Spring Data Redis repositories in DEFAULT mode.
09:04:59:264  INFO 4992 --- [main] .s.d.r.c.RepositoryConfigurationDelegate : Finished Spring Data repository scanning in 10 ms. Found 0 Redis repository interfaces.
09:04:59:606  INFO 4992 --- [main] o.s.b.w.embedded.tomcat.TomcatWebServer  : Tomcat initialized with port(s): 8080 (http)
09:04:59:612  INFO 4992 --- [main] o.apache.catalina.core.StandardService   : Starting service [Tomcat]
09:04:59:612  INFO 4992 --- [main] org.apache.catalina.core.StandardEngine  : Starting Servlet engine: [Apache Tomcat/9.0.75]
09:04:59:754  INFO 4992 --- [main] o.a.c.c.C.[Tomcat].[localhost].[/]       : Initializing Spring embedded WebApplicationContext
09:04:59:754  INFO 4992 --- [main] w.s.c.ServletWebServerApplicationContext : Root WebApplicationContext: initialization completed in 968 ms
09:05:00:645  INFO 4992 --- [main] pertySourcedRequestMappingHandlerMapping : Mapped URL path [/v2/api-docs] onto method [springfox.documentation.swagger2.web.Swagger2ControllerWebMvc#getDocumentation(String, HttpServletRequest)]
09:05:00:982  INFO 4992 --- [main] o.s.b.w.embedded.tomcat.TomcatWebServer  : Tomcat started on port(s): 8080 (http) with context path ''
09:05:00:983  INFO 4992 --- [main] d.s.w.p.DocumentationPluginsBootstrapper : Documentation plugins bootstrapped
09:05:00:984  INFO 4992 --- [main] d.s.w.p.DocumentationPluginsBootstrapper : Found 1 custom documentation plugin(s)
09:05:01:005  INFO 4992 --- [main] s.d.s.w.s.ApiListingReferenceScanner     : Scanning for api listing references
09:05:01:111  INFO 4992 --- [main] com.hmall.HMallApplication               : Started HMallApplication in 2.588 seconds (JVM running for 3.091)
09:19:50:779  INFO 5740 --- [main] com.hmall.HMallApplication               : Starting HMallApplication using Java 17.0.9 on LAPTOP-60HRQ1D9 with PID 5740 (D:\SpringCloud project\heima-mall\back-end\src\hmall\hm-service\target\classes started by loser in D:\SpringCloud project\heima-mall\back-end\src\hmall)
09:19:50:780 DEBUG 5740 --- [main] com.hmall.HMallApplication               : Running with Spring Boot v2.7.12, Spring v5.3.27
09:19:50:780  INFO 5740 --- [main] com.hmall.HMallApplication               : The following 1 profile is active: "local"
09:19:51:278  INFO 5740 --- [main] .s.d.r.c.RepositoryConfigurationDelegate : Multiple Spring Data modules found, entering strict repository configuration mode
09:19:51:280  INFO 5740 --- [main] .s.d.r.c.RepositoryConfigurationDelegate : Bootstrapping Spring Data Redis repositories in DEFAULT mode.
09:19:51:299  INFO 5740 --- [main] .s.d.r.c.RepositoryConfigurationDelegate : Finished Spring Data repository scanning in 10 ms. Found 0 Redis repository interfaces.
09:19:51:651  INFO 5740 --- [main] o.s.b.w.embedded.tomcat.TomcatWebServer  : Tomcat initialized with port(s): 8080 (http)
09:19:51:655  INFO 5740 --- [main] o.apache.catalina.core.StandardService   : Starting service [Tomcat]
09:19:51:656  INFO 5740 --- [main] org.apache.catalina.core.StandardEngine  : Starting Servlet engine: [Apache Tomcat/9.0.75]
09:19:51:774  INFO 5740 --- [main] o.a.c.c.C.[Tomcat].[localhost].[/]       : Initializing Spring embedded WebApplicationContext
09:19:51:774  INFO 5740 --- [main] w.s.c.ServletWebServerApplicationContext : Root WebApplicationContext: initialization completed in 965 ms
09:19:52:733  INFO 5740 --- [main] pertySourcedRequestMappingHandlerMapping : Mapped URL path [/v2/api-docs] onto method [springfox.documentation.swagger2.web.Swagger2ControllerWebMvc#getDocumentation(String, HttpServletRequest)]
09:19:52:958  INFO 5740 --- [main] o.s.b.w.embedded.tomcat.TomcatWebServer  : Tomcat started on port(s): 8080 (http) with context path ''
09:19:52:959  INFO 5740 --- [main] d.s.w.p.DocumentationPluginsBootstrapper : Documentation plugins bootstrapped
09:19:52:960  INFO 5740 --- [main] d.s.w.p.DocumentationPluginsBootstrapper : Found 1 custom documentation plugin(s)
09:19:52:979  INFO 5740 --- [main] s.d.s.w.s.ApiListingReferenceScanner     : Scanning for api listing references
09:19:53:090  INFO 5740 --- [main] com.hmall.HMallApplication               : Started HMallApplication in 2.539 seconds (JVM running for 2.985)
09:23:33:864  INFO 21016 --- [main] com.hmall.HMallApplication               : Starting HMallApplication using Java 17.0.9 on LAPTOP-60HRQ1D9 with PID 21016 (D:\SpringCloud project\heima-mall\back-end\src\hmall\hm-service\target\classes started by loser in D:\SpringCloud project\heima-mall\back-end\src\hmall)
09:23:33:866 DEBUG 21016 --- [main] com.hmall.HMallApplication               : Running with Spring Boot v2.7.12, Spring v5.3.27
09:23:33:866  INFO 21016 --- [main] com.hmall.HMallApplication               : The following 1 profile is active: "local"
09:23:34:350  INFO 21016 --- [main] .s.d.r.c.RepositoryConfigurationDelegate : Multiple Spring Data modules found, entering strict repository configuration mode
09:23:34:352  INFO 21016 --- [main] .s.d.r.c.RepositoryConfigurationDelegate : Bootstrapping Spring Data Redis repositories in DEFAULT mode.
09:23:34:372  INFO 21016 --- [main] .s.d.r.c.RepositoryConfigurationDelegate : Finished Spring Data repository scanning in 11 ms. Found 0 Redis repository interfaces.
09:23:34:726  INFO 21016 --- [main] o.s.b.w.embedded.tomcat.TomcatWebServer  : Tomcat initialized with port(s): 8080 (http)
09:23:34:731  INFO 21016 --- [main] o.apache.catalina.core.StandardService   : Starting service [Tomcat]
09:23:34:731  INFO 21016 --- [main] org.apache.catalina.core.StandardEngine  : Starting Servlet engine: [Apache Tomcat/9.0.75]
09:23:34:847  INFO 21016 --- [main] o.a.c.c.C.[Tomcat].[localhost].[/]       : Initializing Spring embedded WebApplicationContext
09:23:34:847  INFO 21016 --- [main] w.s.c.ServletWebServerApplicationContext : Root WebApplicationContext: initialization completed in 952 ms
09:23:35:761  INFO 21016 --- [main] pertySourcedRequestMappingHandlerMapping : Mapped URL path [/v2/api-docs] onto method [springfox.documentation.swagger2.web.Swagger2ControllerWebMvc#getDocumentation(String, HttpServletRequest)]
09:23:35:990  INFO 21016 --- [main] o.s.b.w.embedded.tomcat.TomcatWebServer  : Tomcat started on port(s): 8080 (http) with context path ''
09:23:35:990  INFO 21016 --- [main] d.s.w.p.DocumentationPluginsBootstrapper : Documentation plugins bootstrapped
09:23:35:992  INFO 21016 --- [main] d.s.w.p.DocumentationPluginsBootstrapper : Found 1 custom documentation plugin(s)
09:23:36:011  INFO 21016 --- [main] s.d.s.w.s.ApiListingReferenceScanner     : Scanning for api listing references
09:23:36:118  INFO 21016 --- [main] com.hmall.HMallApplication               : Started HMallApplication in 2.483 seconds (JVM running for 2.901)
10:28:00:375  INFO 10156 --- [main] com.hmall.HMallApplication               : Starting HMallApplication using Java 17.0.9 on LAPTOP-60HRQ1D9 with PID 10156 (D:\SpringCloud project\heima-mall\back-end\src\hmall\hm-service\target\classes started by loser in D:\SpringCloud project\heima-mall\back-end\src\hmall)
10:28:00:376 DEBUG 10156 --- [main] com.hmall.HMallApplication               : Running with Spring Boot v2.7.12, Spring v5.3.27
10:28:00:378  INFO 10156 --- [main] com.hmall.HMallApplication               : The following 1 profile is active: "local"
10:28:00:940  INFO 10156 --- [main] .s.d.r.c.RepositoryConfigurationDelegate : Multiple Spring Data modules found, entering strict repository configuration mode
10:28:00:942  INFO 10156 --- [main] .s.d.r.c.RepositoryConfigurationDelegate : Bootstrapping Spring Data Redis repositories in DEFAULT mode.
10:28:00:962  INFO 10156 --- [main] .s.d.r.c.RepositoryConfigurationDelegate : Finished Spring Data repository scanning in 11 ms. Found 0 Redis repository interfaces.
10:28:01:368  INFO 10156 --- [main] o.s.b.w.embedded.tomcat.TomcatWebServer  : Tomcat initialized with port(s): 8080 (http)
10:28:01:374  INFO 10156 --- [main] o.apache.catalina.core.StandardService   : Starting service [Tomcat]
10:28:01:374  INFO 10156 --- [main] org.apache.catalina.core.StandardEngine  : Starting Servlet engine: [Apache Tomcat/9.0.75]
10:28:01:498  INFO 10156 --- [main] o.a.c.c.C.[Tomcat].[localhost].[/]       : Initializing Spring embedded WebApplicationContext
10:28:01:498  INFO 10156 --- [main] w.s.c.ServletWebServerApplicationContext : Root WebApplicationContext: initialization completed in 1091 ms
10:28:02:433  INFO 10156 --- [main] pertySourcedRequestMappingHandlerMapping : Mapped URL path [/v2/api-docs] onto method [springfox.documentation.swagger2.web.Swagger2ControllerWebMvc#getDocumentation(String, HttpServletRequest)]
10:28:02:676  INFO 10156 --- [main] o.s.b.w.embedded.tomcat.TomcatWebServer  : Tomcat started on port(s): 8080 (http) with context path ''
10:28:02:676  INFO 10156 --- [main] d.s.w.p.DocumentationPluginsBootstrapper : Documentation plugins bootstrapped
10:28:02:678  INFO 10156 --- [main] d.s.w.p.DocumentationPluginsBootstrapper : Found 1 custom documentation plugin(s)
10:28:02:701  INFO 10156 --- [main] s.d.s.w.s.ApiListingReferenceScanner     : Scanning for api listing references
10:28:02:819  INFO 10156 --- [main] com.hmall.HMallApplication               : Started HMallApplication in 2.678 seconds (JVM running for 3.163)
10:32:47:349  INFO 13232 --- [main] com.hmall.HMallApplication               : Starting HMallApplication using Java 17.0.9 on LAPTOP-60HRQ1D9 with PID 13232 (D:\SpringCloud project\heima-mall\back-end\src\hmall\hm-service\target\classes started by loser in D:\SpringCloud project\heima-mall\back-end\src\hmall)
10:32:47:350 DEBUG 13232 --- [main] com.hmall.HMallApplication               : Running with Spring Boot v2.7.12, Spring v5.3.27
10:32:47:350  INFO 13232 --- [main] com.hmall.HMallApplication               : The following 1 profile is active: "local"
10:32:47:877  INFO 13232 --- [main] .s.d.r.c.RepositoryConfigurationDelegate : Multiple Spring Data modules found, entering strict repository configuration mode
10:32:47:878  INFO 13232 --- [main] .s.d.r.c.RepositoryConfigurationDelegate : Bootstrapping Spring Data Redis repositories in DEFAULT mode.
10:32:47:900  INFO 13232 --- [main] .s.d.r.c.RepositoryConfigurationDelegate : Finished Spring Data repository scanning in 11 ms. Found 0 Redis repository interfaces.
10:32:48:293  INFO 13232 --- [main] o.s.b.w.embedded.tomcat.TomcatWebServer  : Tomcat initialized with port(s): 8080 (http)
10:32:48:299  INFO 13232 --- [main] o.apache.catalina.core.StandardService   : Starting service [Tomcat]
10:32:48:299  INFO 13232 --- [main] org.apache.catalina.core.StandardEngine  : Starting Servlet engine: [Apache Tomcat/9.0.75]
10:32:48:417  INFO 13232 --- [main] o.a.c.c.C.[Tomcat].[localhost].[/]       : Initializing Spring embedded WebApplicationContext
10:32:48:417  INFO 13232 --- [main] w.s.c.ServletWebServerApplicationContext : Root WebApplicationContext: initialization completed in 1036 ms
10:32:49:324  INFO 13232 --- [main] pertySourcedRequestMappingHandlerMapping : Mapped URL path [/v2/api-docs] onto method [springfox.documentation.swagger2.web.Swagger2ControllerWebMvc#getDocumentation(String, HttpServletRequest)]
10:32:49:577  INFO 13232 --- [main] o.s.b.w.embedded.tomcat.TomcatWebServer  : Tomcat started on port(s): 8080 (http) with context path ''
10:32:49:577  INFO 13232 --- [main] d.s.w.p.DocumentationPluginsBootstrapper : Documentation plugins bootstrapped
10:32:49:579  INFO 13232 --- [main] d.s.w.p.DocumentationPluginsBootstrapper : Found 1 custom documentation plugin(s)
10:32:49:598  INFO 13232 --- [main] s.d.s.w.s.ApiListingReferenceScanner     : Scanning for api listing references
10:32:49:715  INFO 13232 --- [main] com.hmall.HMallApplication               : Started HMallApplication in 2.622 seconds (JVM running for 3.076)
