09:37:19:401  INFO 8936 --- [main] com.loser.getaway.GatewayApplication     : The following 1 profile is active: "dev"
09:37:19:792  INFO 8936 --- [main] o.s.cloud.context.scope.GenericScope     : BeanFactory id=a425fe13-6abe-3256-ad30-381229cbf2a3
09:37:19:822  INFO 8936 --- [main] trationDelegate$BeanPostProcessorChecker : Bean 'org.springframework.cloud.client.loadbalancer.reactive.LoadBalancerBeanPostProcessorAutoConfiguration' of type [org.springframework.cloud.client.loadbalancer.reactive.LoadBalancerBeanPostProcessorAutoConfiguration] is not eligible for getting processed by all BeanPostProcessors (for example: not eligible for auto-proxying)
09:37:19:823  INFO 8936 --- [main] trationDelegate$BeanPostProcessorChecker : Bean 'org.springframework.cloud.client.loadbalancer.reactive.LoadBalancerBeanPostProcessorAutoConfiguration$ReactorDeferringLoadBalancerFilterConfig' of type [org.springframework.cloud.client.loadbalancer.reactive.LoadBalancerBeanPostProcessorAutoConfiguration$ReactorDeferringLoadBalancerFilterConfig] is not eligible for getting processed by all BeanPostProcessors (for example: not eligible for auto-proxying)
09:37:19:824  INFO 8936 --- [main] trationDelegate$BeanPostProcessorChecker : Bean 'reactorDeferringLoadBalancerExchangeFilterFunction' of type [org.springframework.cloud.client.loadbalancer.reactive.DeferringLoadBalancerExchangeFilterFunction] is not eligible for getting processed by all BeanPostProcessors (for example: not eligible for auto-proxying)
09:37:21:571  INFO 8936 --- [main] o.s.cloud.commons.util.InetUtils         : Cannot determine local hostname
09:37:22:700  INFO 8936 --- [main] o.s.cloud.commons.util.InetUtils         : Cannot determine local hostname
09:37:22:934  INFO 8936 --- [main] o.s.c.g.r.RouteDefinitionRouteLocator    : Loaded RoutePredicateFactory [After]
09:37:22:935  INFO 8936 --- [main] o.s.c.g.r.RouteDefinitionRouteLocator    : Loaded RoutePredicateFactory [Before]
09:37:22:935  INFO 8936 --- [main] o.s.c.g.r.RouteDefinitionRouteLocator    : Loaded RoutePredicateFactory [Between]
09:37:22:935  INFO 8936 --- [main] o.s.c.g.r.RouteDefinitionRouteLocator    : Loaded RoutePredicateFactory [Cookie]
09:37:22:935  INFO 8936 --- [main] o.s.c.g.r.RouteDefinitionRouteLocator    : Loaded RoutePredicateFactory [Header]
09:37:22:935  INFO 8936 --- [main] o.s.c.g.r.RouteDefinitionRouteLocator    : Loaded RoutePredicateFactory [Host]
09:37:22:935  INFO 8936 --- [main] o.s.c.g.r.RouteDefinitionRouteLocator    : Loaded RoutePredicateFactory [Method]
09:37:22:935  INFO 8936 --- [main] o.s.c.g.r.RouteDefinitionRouteLocator    : Loaded RoutePredicateFactory [Path]
09:37:22:935  INFO 8936 --- [main] o.s.c.g.r.RouteDefinitionRouteLocator    : Loaded RoutePredicateFactory [Query]
09:37:22:935  INFO 8936 --- [main] o.s.c.g.r.RouteDefinitionRouteLocator    : Loaded RoutePredicateFactory [ReadBody]
09:37:22:935  INFO 8936 --- [main] o.s.c.g.r.RouteDefinitionRouteLocator    : Loaded RoutePredicateFactory [RemoteAddr]
09:37:22:935  INFO 8936 --- [main] o.s.c.g.r.RouteDefinitionRouteLocator    : Loaded RoutePredicateFactory [XForwardedRemoteAddr]
09:37:22:935  INFO 8936 --- [main] o.s.c.g.r.RouteDefinitionRouteLocator    : Loaded RoutePredicateFactory [Weight]
09:37:22:935  INFO 8936 --- [main] o.s.c.g.r.RouteDefinitionRouteLocator    : Loaded RoutePredicateFactory [CloudFoundryRouteService]
09:37:24:180  INFO 8936 --- [main] o.s.cloud.commons.util.InetUtils         : Cannot determine local hostname
09:37:24:286  INFO 8936 --- [main] com.alibaba.nacos.common.remote.client   : [RpcClientFactory] create a new rpc client of f52cc3ff-006a-42d5-ab55-09a070ca87a8
09:37:24:286  INFO 8936 --- [main] com.alibaba.nacos.common.remote.client   : [f52cc3ff-006a-42d5-ab55-09a070ca87a8] RpcClient init label, labels = {module=naming, source=sdk}
09:37:24:287  INFO 8936 --- [main] com.alibaba.nacos.common.remote.client   : [f52cc3ff-006a-42d5-ab55-09a070ca87a8] RpcClient init, ServerListFactory = com.alibaba.nacos.client.naming.core.ServerListManager
09:37:24:288  INFO 8936 --- [main] com.alibaba.nacos.common.remote.client   : [f52cc3ff-006a-42d5-ab55-09a070ca87a8] Registry connection listener to current client:com.alibaba.nacos.client.naming.remote.gprc.redo.NamingGrpcRedoService
09:37:24:288  INFO 8936 --- [main] com.alibaba.nacos.common.remote.client   : [f52cc3ff-006a-42d5-ab55-09a070ca87a8] Register server push request handler:com.alibaba.nacos.client.naming.remote.gprc.NamingPushRequestHandler
09:37:24:288  INFO 8936 --- [main] com.alibaba.nacos.common.remote.client   : [f52cc3ff-006a-42d5-ab55-09a070ca87a8] Try to connect to server on start up, server: {serverIp = '192.168.59.132', server main port = 8848}
09:37:24:414  INFO 8936 --- [main] com.alibaba.nacos.common.remote.client   : [f52cc3ff-006a-42d5-ab55-09a070ca87a8] Success to connect to server [192.168.59.132:8848] on start up, connectionId = 1722303446165_192.168.59.1_56053
09:37:24:414  INFO 8936 --- [main] com.alibaba.nacos.common.remote.client   : [f52cc3ff-006a-42d5-ab55-09a070ca87a8] Register server push request handler:com.alibaba.nacos.common.remote.client.RpcClient$ConnectResetRequestHandler
09:37:24:414  INFO 8936 --- [com.alibaba.nacos.client.remote.worker] com.alibaba.nacos.common.remote.client   : [f52cc3ff-006a-42d5-ab55-09a070ca87a8] Notify connected event to listeners.
09:37:24:414  INFO 8936 --- [main] com.alibaba.nacos.common.remote.client   : [f52cc3ff-006a-42d5-ab55-09a070ca87a8] Register server push request handler:com.alibaba.nacos.common.remote.client.RpcClient$$Lambda$477/0x000001c6114e7028
09:37:24:577  INFO 8936 --- [main] o.s.b.web.embedded.netty.NettyWebServer  : Netty started on port 8080
09:37:24:951  INFO 8936 --- [nacos-grpc-client-executor-4] com.alibaba.nacos.common.remote.client   : [f52cc3ff-006a-42d5-ab55-09a070ca87a8] Receive server push request, request = NotifySubscriberRequest, requestId = 4
09:37:24:951  INFO 8936 --- [nacos-grpc-client-executor-4] com.alibaba.nacos.common.remote.client   : [f52cc3ff-006a-42d5-ab55-09a070ca87a8] Ack server push request, request = NotifySubscriberRequest, requestId = 4
09:37:25:734  INFO 8936 --- [main] o.s.cloud.commons.util.InetUtils         : Cannot determine local hostname
09:37:26:912  INFO 8936 --- [main] o.s.cloud.commons.util.InetUtils         : Cannot determine local hostname
09:37:26:928  INFO 8936 --- [main] c.a.c.n.registry.NacosServiceRegistry    : nacos registry, DEFAULT_GROUP gateway 192.168.146.1:8080 register finished
09:37:26:939  INFO 8936 --- [main] com.loser.getaway.GatewayApplication     : Started GatewayApplication in 11.192 seconds (JVM running for 11.645)
09:37:26:941  INFO 8936 --- [main] c.a.c.n.refresh.NacosContextRefresher    : [Nacos Config] Listening config: dataId=gateway.yaml, group=DEFAULT_GROUP
09:37:26:941  INFO 8936 --- [main] c.a.c.n.refresh.NacosContextRefresher    : [Nacos Config] Listening config: dataId=gateway-dev.yaml, group=DEFAULT_GROUP
09:37:26:941  INFO 8936 --- [main] c.a.c.n.refresh.NacosContextRefresher    : [Nacos Config] Listening config: dataId=gateway, group=DEFAULT_GROUP
09:37:27:459  INFO 8936 --- [nacos-grpc-client-executor-8] com.alibaba.nacos.common.remote.client   : [f52cc3ff-006a-42d5-ab55-09a070ca87a8] Receive server push request, request = NotifySubscriberRequest, requestId = 6
09:37:27:459  INFO 8936 --- [nacos-grpc-client-executor-8] com.alibaba.nacos.common.remote.client   : [f52cc3ff-006a-42d5-ab55-09a070ca87a8] Ack server push request, request = NotifySubscriberRequest, requestId = 6
09:40:18:329  WARN 8936 --- [Thread-5] c.a.nacos.common.notify.NotifyCenter     : [NotifyCenter] Start destroying Publisher
09:40:18:329  WARN 8936 --- [Thread-1] c.a.n.common.http.HttpClientBeanHolder   : [HttpClientBeanHolder] Start destroying common HttpClient
09:40:18:329  WARN 8936 --- [Thread-5] c.a.nacos.common.notify.NotifyCenter     : [NotifyCenter] Destruction of the end
09:40:18:329  WARN 8936 --- [Thread-1] c.a.n.common.http.HttpClientBeanHolder   : [HttpClientBeanHolder] Destruction of the end
09:40:18:342  INFO 8936 --- [SpringApplicationShutdownHook] c.a.c.n.registry.NacosServiceRegistry    : De-registering from Nacos Server now...
09:40:18:349  INFO 8936 --- [SpringApplicationShutdownHook] c.a.c.n.registry.NacosServiceRegistry    : De-registration finished.
09:40:18:680  INFO 8936 --- [SpringApplicationShutdownHook] com.alibaba.nacos.common.remote.client   : Shutdown rpc client, set status to shutdown
09:40:18:681  INFO 8936 --- [SpringApplicationShutdownHook] com.alibaba.nacos.common.remote.client   : Shutdown client event executor java.util.concurrent.ScheduledThreadPoolExecutor@aa7373a[Running, pool size = 2, active threads = 2, queued tasks = 0, completed tasks = 0]
09:40:18:681  INFO 8936 --- [SpringApplicationShutdownHook] com.alibaba.nacos.common.remote.client   : Close current connection 1722303446165_192.168.59.1_56053
09:40:18:683  INFO 8936 --- [SpringApplicationShutdownHook] c.a.n.c.remote.client.grpc.GrpcClient    : Shutdown grpc executor java.util.concurrent.ThreadPoolExecutor@7074d332[Running, pool size = 5, active threads = 0, queued tasks = 0, completed tasks = 47]
09:40:32:801  INFO 13272 --- [main] com.loser.getaway.GatewayApplication     : The following 1 profile is active: "dev"
09:40:33:080  INFO 13272 --- [main] o.s.cloud.context.scope.GenericScope     : BeanFactory id=a425fe13-6abe-3256-ad30-381229cbf2a3
09:40:33:103  INFO 13272 --- [main] trationDelegate$BeanPostProcessorChecker : Bean 'org.springframework.cloud.client.loadbalancer.reactive.LoadBalancerBeanPostProcessorAutoConfiguration' of type [org.springframework.cloud.client.loadbalancer.reactive.LoadBalancerBeanPostProcessorAutoConfiguration] is not eligible for getting processed by all BeanPostProcessors (for example: not eligible for auto-proxying)
09:40:33:104  INFO 13272 --- [main] trationDelegate$BeanPostProcessorChecker : Bean 'org.springframework.cloud.client.loadbalancer.reactive.LoadBalancerBeanPostProcessorAutoConfiguration$ReactorDeferringLoadBalancerFilterConfig' of type [org.springframework.cloud.client.loadbalancer.reactive.LoadBalancerBeanPostProcessorAutoConfiguration$ReactorDeferringLoadBalancerFilterConfig] is not eligible for getting processed by all BeanPostProcessors (for example: not eligible for auto-proxying)
09:40:33:104  INFO 13272 --- [main] trationDelegate$BeanPostProcessorChecker : Bean 'reactorDeferringLoadBalancerExchangeFilterFunction' of type [org.springframework.cloud.client.loadbalancer.reactive.DeferringLoadBalancerExchangeFilterFunction] is not eligible for getting processed by all BeanPostProcessors (for example: not eligible for auto-proxying)
09:40:34:615  INFO 13272 --- [main] o.s.cloud.commons.util.InetUtils         : Cannot determine local hostname
09:40:35:817  INFO 13272 --- [main] o.s.cloud.commons.util.InetUtils         : Cannot determine local hostname
09:40:36:012  INFO 13272 --- [main] o.s.c.g.r.RouteDefinitionRouteLocator    : Loaded RoutePredicateFactory [After]
09:40:36:012  INFO 13272 --- [main] o.s.c.g.r.RouteDefinitionRouteLocator    : Loaded RoutePredicateFactory [Before]
09:40:36:012  INFO 13272 --- [main] o.s.c.g.r.RouteDefinitionRouteLocator    : Loaded RoutePredicateFactory [Between]
09:40:36:012  INFO 13272 --- [main] o.s.c.g.r.RouteDefinitionRouteLocator    : Loaded RoutePredicateFactory [Cookie]
09:40:36:014  INFO 13272 --- [main] o.s.c.g.r.RouteDefinitionRouteLocator    : Loaded RoutePredicateFactory [Header]
09:40:36:014  INFO 13272 --- [main] o.s.c.g.r.RouteDefinitionRouteLocator    : Loaded RoutePredicateFactory [Host]
09:40:36:014  INFO 13272 --- [main] o.s.c.g.r.RouteDefinitionRouteLocator    : Loaded RoutePredicateFactory [Method]
09:40:36:014  INFO 13272 --- [main] o.s.c.g.r.RouteDefinitionRouteLocator    : Loaded RoutePredicateFactory [Path]
09:40:36:014  INFO 13272 --- [main] o.s.c.g.r.RouteDefinitionRouteLocator    : Loaded RoutePredicateFactory [Query]
09:40:36:014  INFO 13272 --- [main] o.s.c.g.r.RouteDefinitionRouteLocator    : Loaded RoutePredicateFactory [ReadBody]
09:40:36:014  INFO 13272 --- [main] o.s.c.g.r.RouteDefinitionRouteLocator    : Loaded RoutePredicateFactory [RemoteAddr]
09:40:36:014  INFO 13272 --- [main] o.s.c.g.r.RouteDefinitionRouteLocator    : Loaded RoutePredicateFactory [XForwardedRemoteAddr]
09:40:36:014  INFO 13272 --- [main] o.s.c.g.r.RouteDefinitionRouteLocator    : Loaded RoutePredicateFactory [Weight]
09:40:36:014  INFO 13272 --- [main] o.s.c.g.r.RouteDefinitionRouteLocator    : Loaded RoutePredicateFactory [CloudFoundryRouteService]
09:40:37:236  INFO 13272 --- [main] o.s.cloud.commons.util.InetUtils         : Cannot determine local hostname
09:40:37:342  INFO 13272 --- [main] com.alibaba.nacos.common.remote.client   : [RpcClientFactory] create a new rpc client of d407108b-ab83-4837-9f48-bd9e323fc322
09:40:37:342  INFO 13272 --- [main] com.alibaba.nacos.common.remote.client   : [d407108b-ab83-4837-9f48-bd9e323fc322] RpcClient init label, labels = {module=naming, source=sdk}
09:40:37:343  INFO 13272 --- [main] com.alibaba.nacos.common.remote.client   : [d407108b-ab83-4837-9f48-bd9e323fc322] RpcClient init, ServerListFactory = com.alibaba.nacos.client.naming.core.ServerListManager
09:40:37:343  INFO 13272 --- [main] com.alibaba.nacos.common.remote.client   : [d407108b-ab83-4837-9f48-bd9e323fc322] Registry connection listener to current client:com.alibaba.nacos.client.naming.remote.gprc.redo.NamingGrpcRedoService
09:40:37:344  INFO 13272 --- [main] com.alibaba.nacos.common.remote.client   : [d407108b-ab83-4837-9f48-bd9e323fc322] Register server push request handler:com.alibaba.nacos.client.naming.remote.gprc.NamingPushRequestHandler
09:40:37:344  INFO 13272 --- [main] com.alibaba.nacos.common.remote.client   : [d407108b-ab83-4837-9f48-bd9e323fc322] Try to connect to server on start up, server: {serverIp = '192.168.59.132', server main port = 8848}
09:40:37:471  INFO 13272 --- [main] com.alibaba.nacos.common.remote.client   : [d407108b-ab83-4837-9f48-bd9e323fc322] Success to connect to server [192.168.59.132:8848] on start up, connectionId = 1722303639222_192.168.59.1_56188
09:40:37:471  INFO 13272 --- [main] com.alibaba.nacos.common.remote.client   : [d407108b-ab83-4837-9f48-bd9e323fc322] Register server push request handler:com.alibaba.nacos.common.remote.client.RpcClient$ConnectResetRequestHandler
09:40:37:471  INFO 13272 --- [main] com.alibaba.nacos.common.remote.client   : [d407108b-ab83-4837-9f48-bd9e323fc322] Register server push request handler:com.alibaba.nacos.common.remote.client.RpcClient$$Lambda$477/0x0000017f814e8fb0
09:40:37:471  INFO 13272 --- [com.alibaba.nacos.client.remote.worker] com.alibaba.nacos.common.remote.client   : [d407108b-ab83-4837-9f48-bd9e323fc322] Notify connected event to listeners.
09:40:37:618  INFO 13272 --- [main] o.s.b.web.embedded.netty.NettyWebServer  : Netty started on port 8080
09:40:38:001  INFO 13272 --- [nacos-grpc-client-executor-4] com.alibaba.nacos.common.remote.client   : [d407108b-ab83-4837-9f48-bd9e323fc322] Receive server push request, request = NotifySubscriberRequest, requestId = 13
09:40:38:001  INFO 13272 --- [nacos-grpc-client-executor-4] com.alibaba.nacos.common.remote.client   : [d407108b-ab83-4837-9f48-bd9e323fc322] Ack server push request, request = NotifySubscriberRequest, requestId = 13
09:40:38:776  INFO 13272 --- [main] o.s.cloud.commons.util.InetUtils         : Cannot determine local hostname
09:40:39:911  INFO 13272 --- [main] o.s.cloud.commons.util.InetUtils         : Cannot determine local hostname
09:40:39:944  INFO 13272 --- [main] c.a.c.n.registry.NacosServiceRegistry    : nacos registry, DEFAULT_GROUP gateway 192.168.146.1:8080 register finished
09:40:39:959  INFO 13272 --- [main] com.loser.getaway.GatewayApplication     : Started GatewayApplication in 10.822 seconds (JVM running for 11.263)
09:40:39:961  INFO 13272 --- [main] c.a.c.n.refresh.NacosContextRefresher    : [Nacos Config] Listening config: dataId=gateway.yaml, group=DEFAULT_GROUP
09:40:39:961  INFO 13272 --- [main] c.a.c.n.refresh.NacosContextRefresher    : [Nacos Config] Listening config: dataId=gateway-dev.yaml, group=DEFAULT_GROUP
09:40:39:961  INFO 13272 --- [main] c.a.c.n.refresh.NacosContextRefresher    : [Nacos Config] Listening config: dataId=gateway, group=DEFAULT_GROUP
09:40:40:500  INFO 13272 --- [nacos-grpc-client-executor-7] com.alibaba.nacos.common.remote.client   : [d407108b-ab83-4837-9f48-bd9e323fc322] Receive server push request, request = NotifySubscriberRequest, requestId = 14
09:40:40:502  INFO 13272 --- [nacos-grpc-client-executor-7] com.alibaba.nacos.common.remote.client   : [d407108b-ab83-4837-9f48-bd9e323fc322] Ack server push request, request = NotifySubscriberRequest, requestId = 14
09:42:32:970  INFO 13272 --- [nacos-grpc-client-executor-33] com.alibaba.nacos.common.remote.client   : [d407108b-ab83-4837-9f48-bd9e323fc322] Receive server push request, request = NotifySubscriberRequest, requestId = 17
09:42:32:971  INFO 13272 --- [nacos-grpc-client-executor-33] com.alibaba.nacos.common.remote.client   : [d407108b-ab83-4837-9f48-bd9e323fc322] Ack server push request, request = NotifySubscriberRequest, requestId = 17
09:42:34:710  INFO 13272 --- [nacos-grpc-client-executor-36] com.alibaba.nacos.common.remote.client   : [d407108b-ab83-4837-9f48-bd9e323fc322] Receive server push request, request = NotifySubscriberRequest, requestId = 18
09:42:34:711  INFO 13272 --- [nacos-grpc-client-executor-36] com.alibaba.nacos.common.remote.client   : [d407108b-ab83-4837-9f48-bd9e323fc322] Ack server push request, request = NotifySubscriberRequest, requestId = 18
09:51:23:805  WARN 13272 --- [Thread-5] c.a.nacos.common.notify.NotifyCenter     : [NotifyCenter] Start destroying Publisher
09:51:23:805  WARN 13272 --- [Thread-1] c.a.n.common.http.HttpClientBeanHolder   : [HttpClientBeanHolder] Start destroying common HttpClient
09:51:23:806  WARN 13272 --- [Thread-5] c.a.nacos.common.notify.NotifyCenter     : [NotifyCenter] Destruction of the end
09:51:23:806  WARN 13272 --- [Thread-1] c.a.n.common.http.HttpClientBeanHolder   : [HttpClientBeanHolder] Destruction of the end
09:51:23:825  INFO 13272 --- [SpringApplicationShutdownHook] c.a.c.n.registry.NacosServiceRegistry    : De-registering from Nacos Server now...
09:51:23:832  INFO 13272 --- [SpringApplicationShutdownHook] c.a.c.n.registry.NacosServiceRegistry    : De-registration finished.
09:51:24:168  INFO 13272 --- [SpringApplicationShutdownHook] com.alibaba.nacos.common.remote.client   : Shutdown rpc client, set status to shutdown
09:51:24:168  INFO 13272 --- [SpringApplicationShutdownHook] com.alibaba.nacos.common.remote.client   : Shutdown client event executor java.util.concurrent.ScheduledThreadPoolExecutor@66f4602c[Running, pool size = 2, active threads = 2, queued tasks = 0, completed tasks = 0]
09:51:24:168  INFO 13272 --- [SpringApplicationShutdownHook] com.alibaba.nacos.common.remote.client   : Close current connection 1722303639222_192.168.59.1_56188
09:51:24:175  INFO 13272 --- [SpringApplicationShutdownHook] c.a.n.c.remote.client.grpc.GrpcClient    : Shutdown grpc executor java.util.concurrent.ThreadPoolExecutor@54dfcb77[Running, pool size = 3, active threads = 0, queued tasks = 0, completed tasks = 148]
10:18:06:713  INFO 32112 --- [main] com.loser.getaway.GatewayApplication     : The following 1 profile is active: "dev"
10:18:07:076  INFO 32112 --- [main] o.s.cloud.context.scope.GenericScope     : BeanFactory id=a425fe13-6abe-3256-ad30-381229cbf2a3
10:18:07:119  INFO 32112 --- [main] trationDelegate$BeanPostProcessorChecker : Bean 'org.springframework.cloud.client.loadbalancer.reactive.LoadBalancerBeanPostProcessorAutoConfiguration' of type [org.springframework.cloud.client.loadbalancer.reactive.LoadBalancerBeanPostProcessorAutoConfiguration] is not eligible for getting processed by all BeanPostProcessors (for example: not eligible for auto-proxying)
10:18:07:120  INFO 32112 --- [main] trationDelegate$BeanPostProcessorChecker : Bean 'org.springframework.cloud.client.loadbalancer.reactive.LoadBalancerBeanPostProcessorAutoConfiguration$ReactorDeferringLoadBalancerFilterConfig' of type [org.springframework.cloud.client.loadbalancer.reactive.LoadBalancerBeanPostProcessorAutoConfiguration$ReactorDeferringLoadBalancerFilterConfig] is not eligible for getting processed by all BeanPostProcessors (for example: not eligible for auto-proxying)
10:18:07:121  INFO 32112 --- [main] trationDelegate$BeanPostProcessorChecker : Bean 'reactorDeferringLoadBalancerExchangeFilterFunction' of type [org.springframework.cloud.client.loadbalancer.reactive.DeferringLoadBalancerExchangeFilterFunction] is not eligible for getting processed by all BeanPostProcessors (for example: not eligible for auto-proxying)
10:18:08:786  INFO 32112 --- [main] o.s.cloud.commons.util.InetUtils         : Cannot determine local hostname
10:18:09:915  INFO 32112 --- [main] o.s.cloud.commons.util.InetUtils         : Cannot determine local hostname
10:18:10:123  INFO 32112 --- [main] o.s.c.g.r.RouteDefinitionRouteLocator    : Loaded RoutePredicateFactory [After]
10:18:10:123  INFO 32112 --- [main] o.s.c.g.r.RouteDefinitionRouteLocator    : Loaded RoutePredicateFactory [Before]
10:18:10:123  INFO 32112 --- [main] o.s.c.g.r.RouteDefinitionRouteLocator    : Loaded RoutePredicateFactory [Between]
10:18:10:123  INFO 32112 --- [main] o.s.c.g.r.RouteDefinitionRouteLocator    : Loaded RoutePredicateFactory [Cookie]
10:18:10:123  INFO 32112 --- [main] o.s.c.g.r.RouteDefinitionRouteLocator    : Loaded RoutePredicateFactory [Header]
10:18:10:123  INFO 32112 --- [main] o.s.c.g.r.RouteDefinitionRouteLocator    : Loaded RoutePredicateFactory [Host]
10:18:10:123  INFO 32112 --- [main] o.s.c.g.r.RouteDefinitionRouteLocator    : Loaded RoutePredicateFactory [Method]
10:18:10:123  INFO 32112 --- [main] o.s.c.g.r.RouteDefinitionRouteLocator    : Loaded RoutePredicateFactory [Path]
10:18:10:123  INFO 32112 --- [main] o.s.c.g.r.RouteDefinitionRouteLocator    : Loaded RoutePredicateFactory [Query]
10:18:10:123  INFO 32112 --- [main] o.s.c.g.r.RouteDefinitionRouteLocator    : Loaded RoutePredicateFactory [ReadBody]
10:18:10:123  INFO 32112 --- [main] o.s.c.g.r.RouteDefinitionRouteLocator    : Loaded RoutePredicateFactory [RemoteAddr]
10:18:10:123  INFO 32112 --- [main] o.s.c.g.r.RouteDefinitionRouteLocator    : Loaded RoutePredicateFactory [XForwardedRemoteAddr]
10:18:10:123  INFO 32112 --- [main] o.s.c.g.r.RouteDefinitionRouteLocator    : Loaded RoutePredicateFactory [Weight]
10:18:10:123  INFO 32112 --- [main] o.s.c.g.r.RouteDefinitionRouteLocator    : Loaded RoutePredicateFactory [CloudFoundryRouteService]
10:18:11:496  INFO 32112 --- [main] o.s.cloud.commons.util.InetUtils         : Cannot determine local hostname
10:18:11:758  INFO 32112 --- [main] com.alibaba.nacos.common.remote.client   : [RpcClientFactory] create a new rpc client of c4821bef-e70e-4b80-a47a-63a683b91b71
10:18:11:758  INFO 32112 --- [main] com.alibaba.nacos.common.remote.client   : [c4821bef-e70e-4b80-a47a-63a683b91b71] RpcClient init label, labels = {module=naming, source=sdk}
10:18:11:761  INFO 32112 --- [main] com.alibaba.nacos.common.remote.client   : [c4821bef-e70e-4b80-a47a-63a683b91b71] RpcClient init, ServerListFactory = com.alibaba.nacos.client.naming.core.ServerListManager
10:18:11:761  INFO 32112 --- [main] com.alibaba.nacos.common.remote.client   : [c4821bef-e70e-4b80-a47a-63a683b91b71] Registry connection listener to current client:com.alibaba.nacos.client.naming.remote.gprc.redo.NamingGrpcRedoService
10:18:11:762  INFO 32112 --- [main] com.alibaba.nacos.common.remote.client   : [c4821bef-e70e-4b80-a47a-63a683b91b71] Register server push request handler:com.alibaba.nacos.client.naming.remote.gprc.NamingPushRequestHandler
10:18:11:762  INFO 32112 --- [main] com.alibaba.nacos.common.remote.client   : [c4821bef-e70e-4b80-a47a-63a683b91b71] Try to connect to server on start up, server: {serverIp = '192.168.59.132', server main port = 8848}
10:18:11:904  INFO 32112 --- [main] com.alibaba.nacos.common.remote.client   : [c4821bef-e70e-4b80-a47a-63a683b91b71] Success to connect to server [192.168.59.132:8848] on start up, connectionId = 1722305893654_192.168.59.1_64685
10:18:11:904  INFO 32112 --- [main] com.alibaba.nacos.common.remote.client   : [c4821bef-e70e-4b80-a47a-63a683b91b71] Register server push request handler:com.alibaba.nacos.common.remote.client.RpcClient$ConnectResetRequestHandler
10:18:11:904  INFO 32112 --- [main] com.alibaba.nacos.common.remote.client   : [c4821bef-e70e-4b80-a47a-63a683b91b71] Register server push request handler:com.alibaba.nacos.common.remote.client.RpcClient$$Lambda$477/0x00000211814e8d48
10:18:11:904  INFO 32112 --- [com.alibaba.nacos.client.remote.worker] com.alibaba.nacos.common.remote.client   : [c4821bef-e70e-4b80-a47a-63a683b91b71] Notify connected event to listeners.
10:18:12:296  INFO 32112 --- [main] o.s.b.web.embedded.netty.NettyWebServer  : Netty started on port 8080
10:18:12:499  INFO 32112 --- [nacos-grpc-client-executor-5] com.alibaba.nacos.common.remote.client   : [c4821bef-e70e-4b80-a47a-63a683b91b71] Receive server push request, request = NotifySubscriberRequest, requestId = 22
10:18:12:500  INFO 32112 --- [nacos-grpc-client-executor-5] com.alibaba.nacos.common.remote.client   : [c4821bef-e70e-4b80-a47a-63a683b91b71] Ack server push request, request = NotifySubscriberRequest, requestId = 22
10:18:13:773  INFO 32112 --- [main] o.s.cloud.commons.util.InetUtils         : Cannot determine local hostname
10:18:15:284  INFO 32112 --- [main] o.s.cloud.commons.util.InetUtils         : Cannot determine local hostname
10:18:15:309  INFO 32112 --- [main] c.a.c.n.registry.NacosServiceRegistry    : nacos registry, DEFAULT_GROUP gateway 192.168.146.1:8080 register finished
10:18:15:352  INFO 32112 --- [main] com.loser.getaway.GatewayApplication     : Started GatewayApplication in 12.588 seconds (JVM running for 13.068)
10:18:15:360  INFO 32112 --- [main] c.a.c.n.refresh.NacosContextRefresher    : [Nacos Config] Listening config: dataId=gateway.yaml, group=DEFAULT_GROUP
10:18:15:363  INFO 32112 --- [main] c.a.c.n.refresh.NacosContextRefresher    : [Nacos Config] Listening config: dataId=gateway-dev.yaml, group=DEFAULT_GROUP
10:18:15:364  INFO 32112 --- [main] c.a.c.n.refresh.NacosContextRefresher    : [Nacos Config] Listening config: dataId=gateway, group=DEFAULT_GROUP
10:18:15:911  INFO 32112 --- [nacos-grpc-client-executor-9] com.alibaba.nacos.common.remote.client   : [c4821bef-e70e-4b80-a47a-63a683b91b71] Receive server push request, request = NotifySubscriberRequest, requestId = 25
10:18:15:921  INFO 32112 --- [nacos-grpc-client-executor-9] com.alibaba.nacos.common.remote.client   : [c4821bef-e70e-4b80-a47a-63a683b91b71] Ack server push request, request = NotifySubscriberRequest, requestId = 25
10:18:47:929  INFO 32112 --- [nacos-grpc-client-executor-19] com.alibaba.nacos.common.remote.client   : [c4821bef-e70e-4b80-a47a-63a683b91b71] Receive server push request, request = NotifySubscriberRequest, requestId = 28
10:18:47:929  INFO 32112 --- [nacos-grpc-client-executor-19] com.alibaba.nacos.common.remote.client   : [c4821bef-e70e-4b80-a47a-63a683b91b71] Ack server push request, request = NotifySubscriberRequest, requestId = 28
10:18:48:429  INFO 32112 --- [nacos-grpc-client-executor-21] com.alibaba.nacos.common.remote.client   : [c4821bef-e70e-4b80-a47a-63a683b91b71] Receive server push request, request = NotifySubscriberRequest, requestId = 29
10:18:48:429  INFO 32112 --- [nacos-grpc-client-executor-21] com.alibaba.nacos.common.remote.client   : [c4821bef-e70e-4b80-a47a-63a683b91b71] Ack server push request, request = NotifySubscriberRequest, requestId = 29
10:29:52:277  WARN 32112 --- [Thread-5] c.a.nacos.common.notify.NotifyCenter     : [NotifyCenter] Start destroying Publisher
10:29:52:277  WARN 32112 --- [Thread-1] c.a.n.common.http.HttpClientBeanHolder   : [HttpClientBeanHolder] Start destroying common HttpClient
10:29:52:278  WARN 32112 --- [Thread-5] c.a.nacos.common.notify.NotifyCenter     : [NotifyCenter] Destruction of the end
10:29:52:278  WARN 32112 --- [Thread-1] c.a.n.common.http.HttpClientBeanHolder   : [HttpClientBeanHolder] Destruction of the end
10:29:52:289  INFO 32112 --- [SpringApplicationShutdownHook] c.a.c.n.registry.NacosServiceRegistry    : De-registering from Nacos Server now...
10:29:52:295  INFO 32112 --- [SpringApplicationShutdownHook] c.a.c.n.registry.NacosServiceRegistry    : De-registration finished.
10:29:52:626  INFO 32112 --- [SpringApplicationShutdownHook] com.alibaba.nacos.common.remote.client   : Shutdown rpc client, set status to shutdown
10:29:52:626  INFO 32112 --- [SpringApplicationShutdownHook] com.alibaba.nacos.common.remote.client   : Shutdown client event executor java.util.concurrent.ScheduledThreadPoolExecutor@4f46a618[Running, pool size = 2, active threads = 2, queued tasks = 0, completed tasks = 0]
10:29:52:626  INFO 32112 --- [SpringApplicationShutdownHook] com.alibaba.nacos.common.remote.client   : Close current connection 1722305893654_192.168.59.1_64685
10:29:52:629  INFO 32112 --- [SpringApplicationShutdownHook] c.a.n.c.remote.client.grpc.GrpcClient    : Shutdown grpc executor java.util.concurrent.ThreadPoolExecutor@1f4774c0[Running, pool size = 5, active threads = 0, queued tasks = 0, completed tasks = 167]
