09:38:00:221  INFO 10896 --- [main] com.loser.user.UserApplication           : Starting UserApplication using Java 17.0.9 on LAPTOP-60HRQ1D9 with PID 10896 (D:\SpringCloud project\heima-mall\back-end\src\hmall\user-service\target\classes started by loser in D:\SpringCloud project\heima-mall\back-end\src\hmall)
09:38:00:224  INFO 10896 --- [main] com.loser.user.UserApplication           : The following 1 profile is active: "local"
09:38:00:741  INFO 10896 --- [main] o.s.cloud.context.scope.GenericScope     : BeanFactory id=d004236e-ef9e-3129-9a41-880b50d3fd56
09:38:00:919  INFO 10896 --- [main] o.s.b.w.embedded.tomcat.TomcatWebServer  : Tomcat initialized with port(s): 8089 (http)
09:38:00:923  INFO 10896 --- [main] o.apache.catalina.core.StandardService   : Starting service [Tomcat]
09:38:00:923  INFO 10896 --- [main] org.apache.catalina.core.StandardEngine  : Starting Servlet engine: [Apache Tomcat/9.0.75]
09:38:01:028  INFO 10896 --- [main] o.a.c.c.C.[Tomcat].[localhost].[/]       : Initializing Spring embedded WebApplicationContext
09:38:01:028  INFO 10896 --- [main] w.s.c.ServletWebServerApplicationContext : Root WebApplicationContext: initialization completed in 778 ms
09:38:03:029  INFO 10896 --- [main] o.s.cloud.commons.util.InetUtils         : Cannot determine local hostname
09:38:03:056  INFO 10896 --- [main] pertySourcedRequestMappingHandlerMapping : Mapped URL path [/v2/api-docs] onto method [springfox.documentation.swagger2.web.Swagger2ControllerWebMvc#getDocumentation(String, HttpServletRequest)]
09:38:04:194  INFO 10896 --- [main] o.s.cloud.commons.util.InetUtils         : Cannot determine local hostname
09:38:04:275  INFO 10896 --- [main] com.alibaba.nacos.common.remote.client   : [RpcClientFactory] create a new rpc client of 7682d10b-5ec6-43f0-9b5b-b4138407f849
09:38:04:306  INFO 10896 --- [main] org.reflections.Reflections              : Reflections took 15 ms to scan 1 urls, producing 3 keys and 6 values 
09:38:04:319  INFO 10896 --- [main] org.reflections.Reflections              : Reflections took 4 ms to scan 1 urls, producing 4 keys and 9 values 
09:38:04:327  INFO 10896 --- [main] org.reflections.Reflections              : Reflections took 7 ms to scan 1 urls, producing 3 keys and 10 values 
09:38:04:329  WARN 10896 --- [main] org.reflections.Reflections              : given scan urls are empty. set urls in the configuration
09:38:04:332  INFO 10896 --- [main] org.reflections.Reflections              : Reflections took 3 ms to scan 1 urls, producing 1 keys and 5 values 
09:38:04:337  INFO 10896 --- [main] org.reflections.Reflections              : Reflections took 4 ms to scan 1 urls, producing 1 keys and 7 values 
09:38:04:342  INFO 10896 --- [main] org.reflections.Reflections              : Reflections took 4 ms to scan 1 urls, producing 2 keys and 8 values 
09:38:04:342  WARN 10896 --- [main] org.reflections.Reflections              : given scan urls are empty. set urls in the configuration
09:38:04:343  INFO 10896 --- [main] com.alibaba.nacos.common.remote.client   : [7682d10b-5ec6-43f0-9b5b-b4138407f849] RpcClient init label, labels = {module=naming, source=sdk}
09:38:04:344  INFO 10896 --- [main] com.alibaba.nacos.common.remote.client   : [7682d10b-5ec6-43f0-9b5b-b4138407f849] RpcClient init, ServerListFactory = com.alibaba.nacos.client.naming.core.ServerListManager
09:38:04:344  INFO 10896 --- [main] com.alibaba.nacos.common.remote.client   : [7682d10b-5ec6-43f0-9b5b-b4138407f849] Registry connection listener to current client:com.alibaba.nacos.client.naming.remote.gprc.redo.NamingGrpcRedoService
09:38:04:344  INFO 10896 --- [main] com.alibaba.nacos.common.remote.client   : [7682d10b-5ec6-43f0-9b5b-b4138407f849] Register server push request handler:com.alibaba.nacos.client.naming.remote.gprc.NamingPushRequestHandler
09:38:04:345  INFO 10896 --- [main] com.alibaba.nacos.common.remote.client   : [7682d10b-5ec6-43f0-9b5b-b4138407f849] Try to connect to server on start up, server: {serverIp = '192.168.59.132', server main port = 8848}
09:38:04:985  INFO 10896 --- [main] com.alibaba.nacos.common.remote.client   : [7682d10b-5ec6-43f0-9b5b-b4138407f849] Success to connect to server [192.168.59.132:8848] on start up, connectionId = 1722217085733_192.168.59.1_57866
09:38:04:988  INFO 10896 --- [com.alibaba.nacos.client.remote.worker] com.alibaba.nacos.common.remote.client   : [7682d10b-5ec6-43f0-9b5b-b4138407f849] Notify connected event to listeners.
09:38:04:989  INFO 10896 --- [main] com.alibaba.nacos.common.remote.client   : [7682d10b-5ec6-43f0-9b5b-b4138407f849] Register server push request handler:com.alibaba.nacos.common.remote.client.RpcClient$ConnectResetRequestHandler
09:38:04:989  INFO 10896 --- [main] com.alibaba.nacos.common.remote.client   : [7682d10b-5ec6-43f0-9b5b-b4138407f849] Register server push request handler:com.alibaba.nacos.common.remote.client.RpcClient$$Lambda$940/0x000001f00176bda0
09:38:05:040  INFO 10896 --- [main] o.s.b.w.embedded.tomcat.TomcatWebServer  : Tomcat started on port(s): 8089 (http) with context path ''
09:38:05:051  INFO 10896 --- [main] c.a.c.n.registry.NacosServiceRegistry    : nacos registry, DEFAULT_GROUP user-service 192.168.146.1:8089 register finished
09:38:05:579  INFO 10896 --- [nacos-grpc-client-executor-9] com.alibaba.nacos.common.remote.client   : [7682d10b-5ec6-43f0-9b5b-b4138407f849] Receive server push request, request = NotifySubscriberRequest, requestId = 6
09:38:05:582  INFO 10896 --- [nacos-grpc-client-executor-9] com.alibaba.nacos.common.remote.client   : [7682d10b-5ec6-43f0-9b5b-b4138407f849] Ack server push request, request = NotifySubscriberRequest, requestId = 6
09:38:06:164  INFO 10896 --- [main] o.s.cloud.commons.util.InetUtils         : Cannot determine local hostname
09:38:06:167  INFO 10896 --- [main] d.s.w.p.DocumentationPluginsBootstrapper : Documentation plugins bootstrapped
09:38:06:173  INFO 10896 --- [main] d.s.w.p.DocumentationPluginsBootstrapper : Found 1 custom documentation plugin(s)
09:38:06:187  INFO 10896 --- [main] s.d.s.w.s.ApiListingReferenceScanner     : Scanning for api listing references
09:38:06:196  INFO 10896 --- [main] com.loser.user.UserApplication           : Started UserApplication in 7.395 seconds (JVM running for 7.825)
09:42:52:611  WARN 10896 --- [Thread-4] c.a.nacos.common.notify.NotifyCenter     : [NotifyCenter] Start destroying Publisher
09:42:52:611  WARN 10896 --- [Thread-7] c.a.n.common.http.HttpClientBeanHolder   : [HttpClientBeanHolder] Start destroying common HttpClient
09:42:52:611  WARN 10896 --- [Thread-4] c.a.nacos.common.notify.NotifyCenter     : [NotifyCenter] Destruction of the end
09:42:52:612  WARN 10896 --- [Thread-7] c.a.n.common.http.HttpClientBeanHolder   : [HttpClientBeanHolder] Destruction of the end
09:42:52:698  INFO 10896 --- [SpringApplicationShutdownHook] c.a.c.n.registry.NacosServiceRegistry    : De-registering from Nacos Server now...
09:42:52:711  INFO 10896 --- [SpringApplicationShutdownHook] c.a.c.n.registry.NacosServiceRegistry    : De-registration finished.
09:42:53:038  INFO 10896 --- [SpringApplicationShutdownHook] com.alibaba.nacos.common.remote.client   : Shutdown rpc client, set status to shutdown
09:42:53:038  INFO 10896 --- [SpringApplicationShutdownHook] com.alibaba.nacos.common.remote.client   : Shutdown client event executor java.util.concurrent.ScheduledThreadPoolExecutor@62f60acd[Running, pool size = 2, active threads = 2, queued tasks = 0, completed tasks = 0]
09:42:53:039  INFO 10896 --- [SpringApplicationShutdownHook] com.alibaba.nacos.common.remote.client   : Close current connection 1722217085733_192.168.59.1_57866
09:42:53:053  INFO 10896 --- [SpringApplicationShutdownHook] c.a.n.c.remote.client.grpc.GrpcClient    : Shutdown grpc executor java.util.concurrent.ThreadPoolExecutor@7345b2aa[Running, pool size = 4, active threads = 0, queued tasks = 0, completed tasks = 73]
09:44:40:276  INFO 16192 --- [main] com.loser.user.UserApplication           : Starting UserApplication using Java 17.0.9 on LAPTOP-60HRQ1D9 with PID 16192 (D:\SpringCloud project\heima-mall\back-end\src\hmall\user-service\target\classes started by loser in D:\SpringCloud project\heima-mall\back-end\src\hmall)
09:44:40:277  INFO 16192 --- [main] com.loser.user.UserApplication           : The following 1 profile is active: "local"
09:44:40:813  INFO 16192 --- [main] o.s.cloud.context.scope.GenericScope     : BeanFactory id=d004236e-ef9e-3129-9a41-880b50d3fd56
09:44:40:982  INFO 16192 --- [main] o.s.b.w.embedded.tomcat.TomcatWebServer  : Tomcat initialized with port(s): 8089 (http)
09:44:40:987  INFO 16192 --- [main] o.apache.catalina.core.StandardService   : Starting service [Tomcat]
09:44:40:987  INFO 16192 --- [main] org.apache.catalina.core.StandardEngine  : Starting Servlet engine: [Apache Tomcat/9.0.75]
09:44:41:093  INFO 16192 --- [main] o.a.c.c.C.[Tomcat].[localhost].[/]       : Initializing Spring embedded WebApplicationContext
09:44:41:093  INFO 16192 --- [main] w.s.c.ServletWebServerApplicationContext : Root WebApplicationContext: initialization completed in 779 ms
09:44:43:027  INFO 16192 --- [main] o.s.cloud.commons.util.InetUtils         : Cannot determine local hostname
09:44:43:042  INFO 16192 --- [main] pertySourcedRequestMappingHandlerMapping : Mapped URL path [/v2/api-docs] onto method [springfox.documentation.swagger2.web.Swagger2ControllerWebMvc#getDocumentation(String, HttpServletRequest)]
09:44:44:195  INFO 16192 --- [main] o.s.cloud.commons.util.InetUtils         : Cannot determine local hostname
09:44:44:264  INFO 16192 --- [main] com.alibaba.nacos.common.remote.client   : [RpcClientFactory] create a new rpc client of ac61a6f8-3065-4be1-8d8d-2b7adbb233dd
09:44:44:295  INFO 16192 --- [main] org.reflections.Reflections              : Reflections took 16 ms to scan 1 urls, producing 3 keys and 6 values 
09:44:44:313  INFO 16192 --- [main] org.reflections.Reflections              : Reflections took 9 ms to scan 1 urls, producing 4 keys and 9 values 
09:44:44:318  INFO 16192 --- [main] org.reflections.Reflections              : Reflections took 4 ms to scan 1 urls, producing 3 keys and 10 values 
09:44:44:319  WARN 16192 --- [main] org.reflections.Reflections              : given scan urls are empty. set urls in the configuration
09:44:44:324  INFO 16192 --- [main] org.reflections.Reflections              : Reflections took 5 ms to scan 1 urls, producing 1 keys and 5 values 
09:44:44:329  INFO 16192 --- [main] org.reflections.Reflections              : Reflections took 4 ms to scan 1 urls, producing 1 keys and 7 values 
09:44:44:333  INFO 16192 --- [main] org.reflections.Reflections              : Reflections took 3 ms to scan 1 urls, producing 2 keys and 8 values 
09:44:44:335  WARN 16192 --- [main] org.reflections.Reflections              : given scan urls are empty. set urls in the configuration
09:44:44:336  INFO 16192 --- [main] com.alibaba.nacos.common.remote.client   : [ac61a6f8-3065-4be1-8d8d-2b7adbb233dd] RpcClient init label, labels = {module=naming, source=sdk}
09:44:44:337  INFO 16192 --- [main] com.alibaba.nacos.common.remote.client   : [ac61a6f8-3065-4be1-8d8d-2b7adbb233dd] RpcClient init, ServerListFactory = com.alibaba.nacos.client.naming.core.ServerListManager
09:44:44:337  INFO 16192 --- [main] com.alibaba.nacos.common.remote.client   : [ac61a6f8-3065-4be1-8d8d-2b7adbb233dd] Registry connection listener to current client:com.alibaba.nacos.client.naming.remote.gprc.redo.NamingGrpcRedoService
09:44:44:337  INFO 16192 --- [main] com.alibaba.nacos.common.remote.client   : [ac61a6f8-3065-4be1-8d8d-2b7adbb233dd] Register server push request handler:com.alibaba.nacos.client.naming.remote.gprc.NamingPushRequestHandler
09:44:44:338  INFO 16192 --- [main] com.alibaba.nacos.common.remote.client   : [ac61a6f8-3065-4be1-8d8d-2b7adbb233dd] Try to connect to server on start up, server: {serverIp = '192.168.59.132', server main port = 8848}
09:44:44:987  INFO 16192 --- [main] com.alibaba.nacos.common.remote.client   : [ac61a6f8-3065-4be1-8d8d-2b7adbb233dd] Success to connect to server [192.168.59.132:8848] on start up, connectionId = 1722217485723_192.168.59.1_59416
09:44:44:989  INFO 16192 --- [com.alibaba.nacos.client.remote.worker] com.alibaba.nacos.common.remote.client   : [ac61a6f8-3065-4be1-8d8d-2b7adbb233dd] Notify connected event to listeners.
09:44:44:990  INFO 16192 --- [main] com.alibaba.nacos.common.remote.client   : [ac61a6f8-3065-4be1-8d8d-2b7adbb233dd] Register server push request handler:com.alibaba.nacos.common.remote.client.RpcClient$ConnectResetRequestHandler
09:44:44:990  INFO 16192 --- [main] com.alibaba.nacos.common.remote.client   : [ac61a6f8-3065-4be1-8d8d-2b7adbb233dd] Register server push request handler:com.alibaba.nacos.common.remote.client.RpcClient$$Lambda$940/0x0000014f4c78d650
09:44:45:036  INFO 16192 --- [main] o.s.b.w.embedded.tomcat.TomcatWebServer  : Tomcat started on port(s): 8089 (http) with context path ''
09:44:45:045  INFO 16192 --- [main] c.a.c.n.registry.NacosServiceRegistry    : nacos registry, DEFAULT_GROUP user-service 192.168.146.1:8089 register finished
09:44:45:589  INFO 16192 --- [nacos-grpc-client-executor-9] com.alibaba.nacos.common.remote.client   : [ac61a6f8-3065-4be1-8d8d-2b7adbb233dd] Receive server push request, request = NotifySubscriberRequest, requestId = 12
09:44:45:596  INFO 16192 --- [nacos-grpc-client-executor-9] com.alibaba.nacos.common.remote.client   : [ac61a6f8-3065-4be1-8d8d-2b7adbb233dd] Ack server push request, request = NotifySubscriberRequest, requestId = 12
09:44:46:170  INFO 16192 --- [main] o.s.cloud.commons.util.InetUtils         : Cannot determine local hostname
09:44:46:173  INFO 16192 --- [main] d.s.w.p.DocumentationPluginsBootstrapper : Documentation plugins bootstrapped
09:44:46:178  INFO 16192 --- [main] d.s.w.p.DocumentationPluginsBootstrapper : Found 1 custom documentation plugin(s)
09:44:46:197  INFO 16192 --- [main] s.d.s.w.s.ApiListingReferenceScanner     : Scanning for api listing references
09:44:46:207  INFO 16192 --- [main] com.loser.user.UserApplication           : Started UserApplication in 7.359 seconds (JVM running for 7.83)
09:45:05:258  WARN 16192 --- [Thread-7] c.a.n.common.http.HttpClientBeanHolder   : [HttpClientBeanHolder] Start destroying common HttpClient
09:45:05:258  WARN 16192 --- [Thread-4] c.a.nacos.common.notify.NotifyCenter     : [NotifyCenter] Start destroying Publisher
09:45:05:259  WARN 16192 --- [Thread-4] c.a.nacos.common.notify.NotifyCenter     : [NotifyCenter] Destruction of the end
09:45:05:259  WARN 16192 --- [Thread-7] c.a.n.common.http.HttpClientBeanHolder   : [HttpClientBeanHolder] Destruction of the end
09:45:05:288  INFO 16192 --- [SpringApplicationShutdownHook] c.a.c.n.registry.NacosServiceRegistry    : De-registering from Nacos Server now...
09:45:05:302  INFO 16192 --- [SpringApplicationShutdownHook] c.a.c.n.registry.NacosServiceRegistry    : De-registration finished.
09:45:05:627  INFO 16192 --- [SpringApplicationShutdownHook] com.alibaba.nacos.common.remote.client   : Shutdown rpc client, set status to shutdown
09:45:05:627  INFO 16192 --- [SpringApplicationShutdownHook] com.alibaba.nacos.common.remote.client   : Shutdown client event executor java.util.concurrent.ScheduledThreadPoolExecutor@2bff9e0a[Running, pool size = 2, active threads = 2, queued tasks = 0, completed tasks = 0]
09:45:05:627  INFO 16192 --- [SpringApplicationShutdownHook] com.alibaba.nacos.common.remote.client   : Close current connection 1722217485723_192.168.59.1_59416
09:45:05:630  INFO 16192 --- [SpringApplicationShutdownHook] c.a.n.c.remote.client.grpc.GrpcClient    : Shutdown grpc executor java.util.concurrent.ThreadPoolExecutor@26985c11[Running, pool size = 4, active threads = 0, queued tasks = 0, completed tasks = 16]
09:50:09:317  INFO 9468 --- [main] com.loser.user.UserApplication           : Starting UserApplication using Java 17.0.9 on LAPTOP-60HRQ1D9 with PID 9468 (D:\SpringCloud project\heima-mall\back-end\src\hmall\user-service\target\classes started by loser in D:\SpringCloud project\heima-mall\back-end\src\hmall)
09:50:09:319  INFO 9468 --- [main] com.loser.user.UserApplication           : The following 1 profile is active: "local"
09:50:09:853  INFO 9468 --- [main] o.s.cloud.context.scope.GenericScope     : BeanFactory id=d004236e-ef9e-3129-9a41-880b50d3fd56
09:50:10:027  INFO 9468 --- [main] o.s.b.w.embedded.tomcat.TomcatWebServer  : Tomcat initialized with port(s): 8089 (http)
09:50:10:033  INFO 9468 --- [main] o.apache.catalina.core.StandardService   : Starting service [Tomcat]
09:50:10:034  INFO 9468 --- [main] org.apache.catalina.core.StandardEngine  : Starting Servlet engine: [Apache Tomcat/9.0.75]
09:50:10:164  INFO 9468 --- [main] o.a.c.c.C.[Tomcat].[localhost].[/]       : Initializing Spring embedded WebApplicationContext
09:50:10:164  INFO 9468 --- [main] w.s.c.ServletWebServerApplicationContext : Root WebApplicationContext: initialization completed in 821 ms
09:50:12:237  INFO 9468 --- [main] o.s.cloud.commons.util.InetUtils         : Cannot determine local hostname
09:50:12:258  INFO 9468 --- [main] pertySourcedRequestMappingHandlerMapping : Mapped URL path [/v2/api-docs] onto method [springfox.documentation.swagger2.web.Swagger2ControllerWebMvc#getDocumentation(String, HttpServletRequest)]
09:50:13:435  INFO 9468 --- [main] o.s.cloud.commons.util.InetUtils         : Cannot determine local hostname
09:50:13:509  INFO 9468 --- [main] com.alibaba.nacos.common.remote.client   : [RpcClientFactory] create a new rpc client of c0090efc-6579-492c-8b03-19dd5268e70b
09:50:13:539  INFO 9468 --- [main] org.reflections.Reflections              : Reflections took 14 ms to scan 1 urls, producing 3 keys and 6 values 
09:50:13:556  INFO 9468 --- [main] org.reflections.Reflections              : Reflections took 5 ms to scan 1 urls, producing 4 keys and 9 values 
09:50:13:562  INFO 9468 --- [main] org.reflections.Reflections              : Reflections took 5 ms to scan 1 urls, producing 3 keys and 10 values 
09:50:13:563  WARN 9468 --- [main] org.reflections.Reflections              : given scan urls are empty. set urls in the configuration
09:50:13:567  INFO 9468 --- [main] org.reflections.Reflections              : Reflections took 4 ms to scan 1 urls, producing 1 keys and 5 values 
09:50:13:572  INFO 9468 --- [main] org.reflections.Reflections              : Reflections took 3 ms to scan 1 urls, producing 1 keys and 7 values 
09:50:13:577  INFO 9468 --- [main] org.reflections.Reflections              : Reflections took 4 ms to scan 1 urls, producing 2 keys and 8 values 
09:50:13:578  WARN 9468 --- [main] org.reflections.Reflections              : given scan urls are empty. set urls in the configuration
09:50:13:578  INFO 9468 --- [main] com.alibaba.nacos.common.remote.client   : [c0090efc-6579-492c-8b03-19dd5268e70b] RpcClient init label, labels = {module=naming, source=sdk}
09:50:13:579  INFO 9468 --- [main] com.alibaba.nacos.common.remote.client   : [c0090efc-6579-492c-8b03-19dd5268e70b] RpcClient init, ServerListFactory = com.alibaba.nacos.client.naming.core.ServerListManager
09:50:13:579  INFO 9468 --- [main] com.alibaba.nacos.common.remote.client   : [c0090efc-6579-492c-8b03-19dd5268e70b] Registry connection listener to current client:com.alibaba.nacos.client.naming.remote.gprc.redo.NamingGrpcRedoService
09:50:13:580  INFO 9468 --- [main] com.alibaba.nacos.common.remote.client   : [c0090efc-6579-492c-8b03-19dd5268e70b] Register server push request handler:com.alibaba.nacos.client.naming.remote.gprc.NamingPushRequestHandler
09:50:13:581  INFO 9468 --- [main] com.alibaba.nacos.common.remote.client   : [c0090efc-6579-492c-8b03-19dd5268e70b] Try to connect to server on start up, server: {serverIp = '192.168.59.132', server main port = 8848}
09:50:14:201  INFO 9468 --- [main] com.alibaba.nacos.common.remote.client   : [c0090efc-6579-492c-8b03-19dd5268e70b] Success to connect to server [192.168.59.132:8848] on start up, connectionId = 1722217814958_192.168.59.1_59652
09:50:14:203  INFO 9468 --- [com.alibaba.nacos.client.remote.worker] com.alibaba.nacos.common.remote.client   : [c0090efc-6579-492c-8b03-19dd5268e70b] Notify connected event to listeners.
09:50:14:203  INFO 9468 --- [main] com.alibaba.nacos.common.remote.client   : [c0090efc-6579-492c-8b03-19dd5268e70b] Register server push request handler:com.alibaba.nacos.common.remote.client.RpcClient$ConnectResetRequestHandler
09:50:14:204  INFO 9468 --- [main] com.alibaba.nacos.common.remote.client   : [c0090efc-6579-492c-8b03-19dd5268e70b] Register server push request handler:com.alibaba.nacos.common.remote.client.RpcClient$$Lambda$940/0x00000235a878d448
09:50:14:247  INFO 9468 --- [main] o.s.b.w.embedded.tomcat.TomcatWebServer  : Tomcat started on port(s): 8089 (http) with context path ''
09:50:14:258  INFO 9468 --- [main] c.a.c.n.registry.NacosServiceRegistry    : nacos registry, DEFAULT_GROUP user-service 192.168.146.1:8089 register finished
09:50:14:817  INFO 9468 --- [nacos-grpc-client-executor-11] com.alibaba.nacos.common.remote.client   : [c0090efc-6579-492c-8b03-19dd5268e70b] Receive server push request, request = NotifySubscriberRequest, requestId = 18
09:50:14:820  INFO 9468 --- [nacos-grpc-client-executor-11] com.alibaba.nacos.common.remote.client   : [c0090efc-6579-492c-8b03-19dd5268e70b] Ack server push request, request = NotifySubscriberRequest, requestId = 18
09:50:15:371  INFO 9468 --- [main] o.s.cloud.commons.util.InetUtils         : Cannot determine local hostname
09:50:15:372  INFO 9468 --- [main] d.s.w.p.DocumentationPluginsBootstrapper : Documentation plugins bootstrapped
09:50:15:377  INFO 9468 --- [main] d.s.w.p.DocumentationPluginsBootstrapper : Found 1 custom documentation plugin(s)
09:50:15:403  INFO 9468 --- [main] s.d.s.w.s.ApiListingReferenceScanner     : Scanning for api listing references
09:50:15:414  INFO 9468 --- [main] com.loser.user.UserApplication           : Started UserApplication in 7.579 seconds (JVM running for 8.104)
09:50:46:034  WARN 9468 --- [Thread-4] c.a.nacos.common.notify.NotifyCenter     : [NotifyCenter] Start destroying Publisher
09:50:46:034  WARN 9468 --- [Thread-7] c.a.n.common.http.HttpClientBeanHolder   : [HttpClientBeanHolder] Start destroying common HttpClient
09:50:46:034  WARN 9468 --- [Thread-4] c.a.nacos.common.notify.NotifyCenter     : [NotifyCenter] Destruction of the end
09:50:46:035  WARN 9468 --- [Thread-7] c.a.n.common.http.HttpClientBeanHolder   : [HttpClientBeanHolder] Destruction of the end
09:50:46:059  INFO 9468 --- [SpringApplicationShutdownHook] c.a.c.n.registry.NacosServiceRegistry    : De-registering from Nacos Server now...
09:50:46:065  INFO 9468 --- [SpringApplicationShutdownHook] c.a.c.n.registry.NacosServiceRegistry    : De-registration finished.
09:50:46:387  INFO 9468 --- [SpringApplicationShutdownHook] com.alibaba.nacos.common.remote.client   : Shutdown rpc client, set status to shutdown
09:50:46:387  INFO 9468 --- [SpringApplicationShutdownHook] com.alibaba.nacos.common.remote.client   : Shutdown client event executor java.util.concurrent.ScheduledThreadPoolExecutor@2faa7cf1[Running, pool size = 2, active threads = 2, queued tasks = 0, completed tasks = 0]
09:50:46:387  INFO 9468 --- [SpringApplicationShutdownHook] com.alibaba.nacos.common.remote.client   : Close current connection 1722217814958_192.168.59.1_59652
09:50:46:392  INFO 9468 --- [nacos-grpc-client-executor-20] c.a.n.c.remote.client.grpc.GrpcClient    : [1722217814958_192.168.59.1_59652]Ignore complete event,isRunning:false,isAbandon=false
09:50:46:394  INFO 9468 --- [SpringApplicationShutdownHook] c.a.n.c.remote.client.grpc.GrpcClient    : Shutdown grpc executor java.util.concurrent.ThreadPoolExecutor@496af13d[Running, pool size = 5, active threads = 0, queued tasks = 0, completed tasks = 21]
09:57:13:621  INFO 11872 --- [main] com.loser.user.UserApplication           : Starting UserApplication using Java 17.0.9 on LAPTOP-60HRQ1D9 with PID 11872 (D:\SpringCloud project\heima-mall\back-end\src\hmall\user-service\target\classes started by loser in D:\SpringCloud project\heima-mall\back-end\src\hmall)
09:57:13:622  INFO 11872 --- [main] com.loser.user.UserApplication           : The following 1 profile is active: "local"
09:57:14:143  INFO 11872 --- [main] o.s.cloud.context.scope.GenericScope     : BeanFactory id=d004236e-ef9e-3129-9a41-880b50d3fd56
09:57:14:325  INFO 11872 --- [main] o.s.b.w.embedded.tomcat.TomcatWebServer  : Tomcat initialized with port(s): 8089 (http)
09:57:14:330  INFO 11872 --- [main] o.apache.catalina.core.StandardService   : Starting service [Tomcat]
09:57:14:330  INFO 11872 --- [main] org.apache.catalina.core.StandardEngine  : Starting Servlet engine: [Apache Tomcat/9.0.75]
09:57:14:441  INFO 11872 --- [main] o.a.c.c.C.[Tomcat].[localhost].[/]       : Initializing Spring embedded WebApplicationContext
09:57:14:441  INFO 11872 --- [main] w.s.c.ServletWebServerApplicationContext : Root WebApplicationContext: initialization completed in 791 ms
09:57:16:387  INFO 11872 --- [main] o.s.cloud.commons.util.InetUtils         : Cannot determine local hostname
09:57:16:407  INFO 11872 --- [main] pertySourcedRequestMappingHandlerMapping : Mapped URL path [/v2/api-docs] onto method [springfox.documentation.swagger2.web.Swagger2ControllerWebMvc#getDocumentation(String, HttpServletRequest)]
09:57:17:568  INFO 11872 --- [main] o.s.cloud.commons.util.InetUtils         : Cannot determine local hostname
09:57:17:646  INFO 11872 --- [main] com.alibaba.nacos.common.remote.client   : [RpcClientFactory] create a new rpc client of 879cec1c-237c-45be-86f0-214f153d7708
09:57:17:677  INFO 11872 --- [main] org.reflections.Reflections              : Reflections took 15 ms to scan 1 urls, producing 3 keys and 6 values 
09:57:17:692  INFO 11872 --- [main] org.reflections.Reflections              : Reflections took 7 ms to scan 1 urls, producing 4 keys and 9 values 
09:57:17:699  INFO 11872 --- [main] org.reflections.Reflections              : Reflections took 5 ms to scan 1 urls, producing 3 keys and 10 values 
09:57:17:700  WARN 11872 --- [main] org.reflections.Reflections              : given scan urls are empty. set urls in the configuration
09:57:17:706  INFO 11872 --- [main] org.reflections.Reflections              : Reflections took 5 ms to scan 1 urls, producing 1 keys and 5 values 
09:57:17:711  INFO 11872 --- [main] org.reflections.Reflections              : Reflections took 5 ms to scan 1 urls, producing 1 keys and 7 values 
09:57:17:717  INFO 11872 --- [main] org.reflections.Reflections              : Reflections took 5 ms to scan 1 urls, producing 2 keys and 8 values 
09:57:17:718  WARN 11872 --- [main] org.reflections.Reflections              : given scan urls are empty. set urls in the configuration
09:57:17:719  INFO 11872 --- [main] com.alibaba.nacos.common.remote.client   : [879cec1c-237c-45be-86f0-214f153d7708] RpcClient init label, labels = {module=naming, source=sdk}
09:57:17:721  INFO 11872 --- [main] com.alibaba.nacos.common.remote.client   : [879cec1c-237c-45be-86f0-214f153d7708] RpcClient init, ServerListFactory = com.alibaba.nacos.client.naming.core.ServerListManager
09:57:17:721  INFO 11872 --- [main] com.alibaba.nacos.common.remote.client   : [879cec1c-237c-45be-86f0-214f153d7708] Registry connection listener to current client:com.alibaba.nacos.client.naming.remote.gprc.redo.NamingGrpcRedoService
09:57:17:721  INFO 11872 --- [main] com.alibaba.nacos.common.remote.client   : [879cec1c-237c-45be-86f0-214f153d7708] Register server push request handler:com.alibaba.nacos.client.naming.remote.gprc.NamingPushRequestHandler
09:57:17:722  INFO 11872 --- [main] com.alibaba.nacos.common.remote.client   : [879cec1c-237c-45be-86f0-214f153d7708] Try to connect to server on start up, server: {serverIp = '192.168.59.132', server main port = 8848}
09:57:18:395  INFO 11872 --- [main] com.alibaba.nacos.common.remote.client   : [879cec1c-237c-45be-86f0-214f153d7708] Success to connect to server [192.168.59.132:8848] on start up, connectionId = 1722218239142_192.168.59.1_60404
09:57:18:397  INFO 11872 --- [com.alibaba.nacos.client.remote.worker] com.alibaba.nacos.common.remote.client   : [879cec1c-237c-45be-86f0-214f153d7708] Notify connected event to listeners.
09:57:18:398  INFO 11872 --- [main] com.alibaba.nacos.common.remote.client   : [879cec1c-237c-45be-86f0-214f153d7708] Register server push request handler:com.alibaba.nacos.common.remote.client.RpcClient$ConnectResetRequestHandler
09:57:18:399  INFO 11872 --- [main] com.alibaba.nacos.common.remote.client   : [879cec1c-237c-45be-86f0-214f153d7708] Register server push request handler:com.alibaba.nacos.common.remote.client.RpcClient$$Lambda$940/0x00000226cc789688
09:57:18:445  INFO 11872 --- [main] o.s.b.w.embedded.tomcat.TomcatWebServer  : Tomcat started on port(s): 8089 (http) with context path ''
09:57:18:453  INFO 11872 --- [main] c.a.c.n.registry.NacosServiceRegistry    : nacos registry, DEFAULT_GROUP user-service 192.168.146.1:8089 register finished
09:57:19:008  INFO 11872 --- [nacos-grpc-client-executor-9] com.alibaba.nacos.common.remote.client   : [879cec1c-237c-45be-86f0-214f153d7708] Receive server push request, request = NotifySubscriberRequest, requestId = 24
09:57:19:012  INFO 11872 --- [nacos-grpc-client-executor-9] com.alibaba.nacos.common.remote.client   : [879cec1c-237c-45be-86f0-214f153d7708] Ack server push request, request = NotifySubscriberRequest, requestId = 24
09:57:19:569  INFO 11872 --- [main] o.s.cloud.commons.util.InetUtils         : Cannot determine local hostname
09:57:19:569  INFO 11872 --- [main] d.s.w.p.DocumentationPluginsBootstrapper : Documentation plugins bootstrapped
09:57:19:572  INFO 11872 --- [main] d.s.w.p.DocumentationPluginsBootstrapper : Found 1 custom documentation plugin(s)
09:57:19:595  INFO 11872 --- [main] s.d.s.w.s.ApiListingReferenceScanner     : Scanning for api listing references
09:57:19:605  INFO 11872 --- [main] com.loser.user.UserApplication           : Started UserApplication in 7.435 seconds (JVM running for 7.887)
09:57:25:279  WARN 11872 --- [Thread-4] c.a.nacos.common.notify.NotifyCenter     : [NotifyCenter] Start destroying Publisher
09:57:25:279  WARN 11872 --- [Thread-7] c.a.n.common.http.HttpClientBeanHolder   : [HttpClientBeanHolder] Start destroying common HttpClient
09:57:25:280  WARN 11872 --- [Thread-4] c.a.nacos.common.notify.NotifyCenter     : [NotifyCenter] Destruction of the end
09:57:25:280  WARN 11872 --- [Thread-7] c.a.n.common.http.HttpClientBeanHolder   : [HttpClientBeanHolder] Destruction of the end
09:57:25:304  INFO 11872 --- [SpringApplicationShutdownHook] c.a.c.n.registry.NacosServiceRegistry    : De-registering from Nacos Server now...
09:57:25:311  INFO 11872 --- [SpringApplicationShutdownHook] c.a.c.n.registry.NacosServiceRegistry    : De-registration finished.
09:57:25:814  INFO 11872 --- [nacos-grpc-client-executor-14] com.alibaba.nacos.common.remote.client   : [879cec1c-237c-45be-86f0-214f153d7708] Receive server push request, request = NotifySubscriberRequest, requestId = 25
09:57:25:816  INFO 11872 --- [nacos-grpc-client-executor-14] com.alibaba.nacos.common.remote.client   : [879cec1c-237c-45be-86f0-214f153d7708] Ack server push request, request = NotifySubscriberRequest, requestId = 25
09:57:25:960  INFO 11872 --- [SpringApplicationShutdownHook] com.alibaba.nacos.common.remote.client   : Shutdown rpc client, set status to shutdown
09:57:25:961  INFO 11872 --- [SpringApplicationShutdownHook] com.alibaba.nacos.common.remote.client   : Shutdown client event executor java.util.concurrent.ScheduledThreadPoolExecutor@49559a99[Running, pool size = 2, active threads = 2, queued tasks = 0, completed tasks = 0]
09:57:25:961  INFO 11872 --- [SpringApplicationShutdownHook] com.alibaba.nacos.common.remote.client   : Close current connection 1722218239142_192.168.59.1_60404
09:57:25:964  INFO 11872 --- [nacos-grpc-client-executor-15] c.a.n.c.remote.client.grpc.GrpcClient    : [1722218239142_192.168.59.1_60404]Ignore complete event,isRunning:false,isAbandon=false
09:57:25:966  INFO 11872 --- [SpringApplicationShutdownHook] c.a.n.c.remote.client.grpc.GrpcClient    : Shutdown grpc executor java.util.concurrent.ThreadPoolExecutor@2c3ce31c[Running, pool size = 16, active threads = 0, queued tasks = 0, completed tasks = 16]
09:59:42:142  INFO 19232 --- [main] com.loser.user.UserApplication           : Starting UserApplication using Java 17.0.9 on LAPTOP-60HRQ1D9 with PID 19232 (D:\SpringCloud project\heima-mall\back-end\src\hmall\user-service\target\classes started by loser in D:\SpringCloud project\heima-mall\back-end\src\hmall)
09:59:42:144  INFO 19232 --- [main] com.loser.user.UserApplication           : The following 1 profile is active: "local"
09:59:42:666  INFO 19232 --- [main] o.s.cloud.context.scope.GenericScope     : BeanFactory id=d004236e-ef9e-3129-9a41-880b50d3fd56
09:59:42:851  INFO 19232 --- [main] o.s.b.w.embedded.tomcat.TomcatWebServer  : Tomcat initialized with port(s): 8089 (http)
09:59:42:856  INFO 19232 --- [main] o.apache.catalina.core.StandardService   : Starting service [Tomcat]
09:59:42:857  INFO 19232 --- [main] org.apache.catalina.core.StandardEngine  : Starting Servlet engine: [Apache Tomcat/9.0.75]
09:59:42:977  INFO 19232 --- [main] o.a.c.c.C.[Tomcat].[localhost].[/]       : Initializing Spring embedded WebApplicationContext
09:59:42:977  INFO 19232 --- [main] w.s.c.ServletWebServerApplicationContext : Root WebApplicationContext: initialization completed in 810 ms
09:59:44:988  INFO 19232 --- [main] o.s.cloud.commons.util.InetUtils         : Cannot determine local hostname
09:59:45:014  INFO 19232 --- [main] pertySourcedRequestMappingHandlerMapping : Mapped URL path [/v2/api-docs] onto method [springfox.documentation.swagger2.web.Swagger2ControllerWebMvc#getDocumentation(String, HttpServletRequest)]
09:59:46:169  INFO 19232 --- [main] o.s.cloud.commons.util.InetUtils         : Cannot determine local hostname
09:59:46:234  INFO 19232 --- [main] com.alibaba.nacos.common.remote.client   : [RpcClientFactory] create a new rpc client of c840fb44-6517-4cc6-a050-ea5fd450bb44
09:59:46:265  INFO 19232 --- [main] org.reflections.Reflections              : Reflections took 15 ms to scan 1 urls, producing 3 keys and 6 values 
09:59:46:278  INFO 19232 --- [main] org.reflections.Reflections              : Reflections took 4 ms to scan 1 urls, producing 4 keys and 9 values 
09:59:46:284  INFO 19232 --- [main] org.reflections.Reflections              : Reflections took 4 ms to scan 1 urls, producing 3 keys and 10 values 
09:59:46:285  WARN 19232 --- [main] org.reflections.Reflections              : given scan urls are empty. set urls in the configuration
09:59:46:289  INFO 19232 --- [main] org.reflections.Reflections              : Reflections took 4 ms to scan 1 urls, producing 1 keys and 5 values 
09:59:46:301  INFO 19232 --- [main] org.reflections.Reflections              : Reflections took 11 ms to scan 1 urls, producing 1 keys and 7 values 
09:59:46:310  INFO 19232 --- [main] org.reflections.Reflections              : Reflections took 4 ms to scan 1 urls, producing 2 keys and 8 values 
09:59:46:311  WARN 19232 --- [main] org.reflections.Reflections              : given scan urls are empty. set urls in the configuration
09:59:46:312  INFO 19232 --- [main] com.alibaba.nacos.common.remote.client   : [c840fb44-6517-4cc6-a050-ea5fd450bb44] RpcClient init label, labels = {module=naming, source=sdk}
09:59:46:313  INFO 19232 --- [main] com.alibaba.nacos.common.remote.client   : [c840fb44-6517-4cc6-a050-ea5fd450bb44] RpcClient init, ServerListFactory = com.alibaba.nacos.client.naming.core.ServerListManager
09:59:46:313  INFO 19232 --- [main] com.alibaba.nacos.common.remote.client   : [c840fb44-6517-4cc6-a050-ea5fd450bb44] Registry connection listener to current client:com.alibaba.nacos.client.naming.remote.gprc.redo.NamingGrpcRedoService
09:59:46:314  INFO 19232 --- [main] com.alibaba.nacos.common.remote.client   : [c840fb44-6517-4cc6-a050-ea5fd450bb44] Register server push request handler:com.alibaba.nacos.client.naming.remote.gprc.NamingPushRequestHandler
09:59:46:315  INFO 19232 --- [main] com.alibaba.nacos.common.remote.client   : [c840fb44-6517-4cc6-a050-ea5fd450bb44] Try to connect to server on start up, server: {serverIp = '192.168.59.132', server main port = 8848}
09:59:46:950  INFO 19232 --- [main] com.alibaba.nacos.common.remote.client   : [c840fb44-6517-4cc6-a050-ea5fd450bb44] Success to connect to server [192.168.59.132:8848] on start up, connectionId = 1722218387706_192.168.59.1_60537
09:59:46:950  INFO 19232 --- [com.alibaba.nacos.client.remote.worker] com.alibaba.nacos.common.remote.client   : [c840fb44-6517-4cc6-a050-ea5fd450bb44] Notify connected event to listeners.
09:59:46:950  INFO 19232 --- [main] com.alibaba.nacos.common.remote.client   : [c840fb44-6517-4cc6-a050-ea5fd450bb44] Register server push request handler:com.alibaba.nacos.common.remote.client.RpcClient$ConnectResetRequestHandler
09:59:46:950  INFO 19232 --- [main] com.alibaba.nacos.common.remote.client   : [c840fb44-6517-4cc6-a050-ea5fd450bb44] Register server push request handler:com.alibaba.nacos.common.remote.client.RpcClient$$Lambda$940/0x000001e1ce788b18
09:59:46:988  INFO 19232 --- [main] o.s.b.w.embedded.tomcat.TomcatWebServer  : Tomcat started on port(s): 8089 (http) with context path ''
09:59:47:004  INFO 19232 --- [main] c.a.c.n.registry.NacosServiceRegistry    : nacos registry, DEFAULT_GROUP user-service 192.168.146.1:8089 register finished
09:59:47:497  INFO 19232 --- [nacos-grpc-client-executor-9] com.alibaba.nacos.common.remote.client   : [c840fb44-6517-4cc6-a050-ea5fd450bb44] Receive server push request, request = NotifySubscriberRequest, requestId = 33
09:59:47:499  INFO 19232 --- [nacos-grpc-client-executor-9] com.alibaba.nacos.common.remote.client   : [c840fb44-6517-4cc6-a050-ea5fd450bb44] Ack server push request, request = NotifySubscriberRequest, requestId = 33
09:59:48:118  INFO 19232 --- [main] o.s.cloud.commons.util.InetUtils         : Cannot determine local hostname
09:59:48:118  INFO 19232 --- [main] d.s.w.p.DocumentationPluginsBootstrapper : Documentation plugins bootstrapped
09:59:48:121  INFO 19232 --- [main] d.s.w.p.DocumentationPluginsBootstrapper : Found 1 custom documentation plugin(s)
09:59:48:141  INFO 19232 --- [main] s.d.s.w.s.ApiListingReferenceScanner     : Scanning for api listing references
09:59:48:150  INFO 19232 --- [main] com.loser.user.UserApplication           : Started UserApplication in 7.4 seconds (JVM running for 7.828)
10:00:42:309  INFO 19232 --- [http-nio-8089-exec-1] o.a.c.c.C.[Tomcat].[localhost].[/]       : Initializing Spring DispatcherServlet 'dispatcherServlet'
10:00:42:310  INFO 19232 --- [http-nio-8089-exec-1] o.s.web.servlet.DispatcherServlet        : Initializing Servlet 'dispatcherServlet'
10:00:42:312  INFO 19232 --- [http-nio-8089-exec-1] o.s.web.servlet.DispatcherServlet        : Completed initialization in 2 ms
10:00:42:590  INFO 19232 --- [http-nio-8089-exec-1] com.zaxxer.hikari.HikariDataSource       : HikariPool-1 - Starting...
10:00:42:941  INFO 19232 --- [http-nio-8089-exec-1] com.zaxxer.hikari.HikariDataSource       : HikariPool-1 - Start completed.
10:01:27:056  WARN 19232 --- [Thread-4] c.a.nacos.common.notify.NotifyCenter     : [NotifyCenter] Start destroying Publisher
10:01:27:057  WARN 19232 --- [Thread-4] c.a.nacos.common.notify.NotifyCenter     : [NotifyCenter] Destruction of the end
10:01:27:057  WARN 19232 --- [Thread-7] c.a.n.common.http.HttpClientBeanHolder   : [HttpClientBeanHolder] Start destroying common HttpClient
10:01:27:057  WARN 19232 --- [Thread-7] c.a.n.common.http.HttpClientBeanHolder   : [HttpClientBeanHolder] Destruction of the end
10:01:27:127  INFO 19232 --- [SpringApplicationShutdownHook] c.a.c.n.registry.NacosServiceRegistry    : De-registering from Nacos Server now...
10:01:27:136  INFO 19232 --- [SpringApplicationShutdownHook] c.a.c.n.registry.NacosServiceRegistry    : De-registration finished.
10:01:27:470  INFO 19232 --- [SpringApplicationShutdownHook] com.alibaba.nacos.common.remote.client   : Shutdown rpc client, set status to shutdown
10:01:27:470  INFO 19232 --- [SpringApplicationShutdownHook] com.alibaba.nacos.common.remote.client   : Shutdown client event executor java.util.concurrent.ScheduledThreadPoolExecutor@79203f55[Running, pool size = 2, active threads = 2, queued tasks = 0, completed tasks = 0]
10:01:27:471  INFO 19232 --- [SpringApplicationShutdownHook] com.alibaba.nacos.common.remote.client   : Close current connection 1722218387706_192.168.59.1_60537
10:01:27:473  INFO 19232 --- [nacos-grpc-client-executor-34] c.a.n.c.remote.client.grpc.GrpcClient    : [1722218387706_192.168.59.1_60537]Ignore complete event,isRunning:false,isAbandon=false
10:01:27:483  INFO 19232 --- [SpringApplicationShutdownHook] c.a.n.c.remote.client.grpc.GrpcClient    : Shutdown grpc executor java.util.concurrent.ThreadPoolExecutor@839b359[Running, pool size = 5, active threads = 0, queued tasks = 0, completed tasks = 35]
10:01:27:490  INFO 19232 --- [SpringApplicationShutdownHook] com.zaxxer.hikari.HikariDataSource       : HikariPool-1 - Shutdown initiated...
10:01:27:518  INFO 19232 --- [SpringApplicationShutdownHook] com.zaxxer.hikari.HikariDataSource       : HikariPool-1 - Shutdown completed.
10:25:31:555  INFO 9136 --- [main] com.loser.user.UserApplication           : Starting UserApplication using Java 17.0.9 on LAPTOP-60HRQ1D9 with PID 9136 (D:\SpringCloud project\heima-mall\back-end\src\hmall\user-service\target\classes started by loser in D:\SpringCloud project\heima-mall\back-end\src\hmall)
10:25:31:556  INFO 9136 --- [main] com.loser.user.UserApplication           : The following 1 profile is active: "local"
10:25:32:072  INFO 9136 --- [main] o.s.cloud.context.scope.GenericScope     : BeanFactory id=859a3b1a-a0f9-3680-b99b-b2723c2705c3
10:25:32:254  INFO 9136 --- [main] o.s.b.w.embedded.tomcat.TomcatWebServer  : Tomcat initialized with port(s): 8089 (http)
10:25:32:259  INFO 9136 --- [main] o.apache.catalina.core.StandardService   : Starting service [Tomcat]
10:25:32:259  INFO 9136 --- [main] org.apache.catalina.core.StandardEngine  : Starting Servlet engine: [Apache Tomcat/9.0.75]
10:25:32:373  INFO 9136 --- [main] o.a.c.c.C.[Tomcat].[localhost].[/]       : Initializing Spring embedded WebApplicationContext
10:25:32:373  INFO 9136 --- [main] w.s.c.ServletWebServerApplicationContext : Root WebApplicationContext: initialization completed in 793 ms
10:25:34:361  INFO 9136 --- [main] o.s.cloud.commons.util.InetUtils         : Cannot determine local hostname
10:25:34:394  INFO 9136 --- [main] pertySourcedRequestMappingHandlerMapping : Mapped URL path [/v2/api-docs] onto method [springfox.documentation.swagger2.web.Swagger2ControllerWebMvc#getDocumentation(String, HttpServletRequest)]
10:25:35:544  INFO 9136 --- [main] o.s.cloud.commons.util.InetUtils         : Cannot determine local hostname
10:25:35:628  INFO 9136 --- [main] com.alibaba.nacos.common.remote.client   : [RpcClientFactory] create a new rpc client of 9cab401f-f21a-45c2-b98f-5741b55a419f
10:25:35:660  INFO 9136 --- [main] org.reflections.Reflections              : Reflections took 16 ms to scan 1 urls, producing 3 keys and 6 values 
10:25:35:675  INFO 9136 --- [main] org.reflections.Reflections              : Reflections took 7 ms to scan 1 urls, producing 4 keys and 9 values 
10:25:35:681  INFO 9136 --- [main] org.reflections.Reflections              : Reflections took 5 ms to scan 1 urls, producing 3 keys and 10 values 
10:25:35:682  WARN 9136 --- [main] org.reflections.Reflections              : given scan urls are empty. set urls in the configuration
10:25:35:688  INFO 9136 --- [main] org.reflections.Reflections              : Reflections took 6 ms to scan 1 urls, producing 1 keys and 5 values 
10:25:35:693  INFO 9136 --- [main] org.reflections.Reflections              : Reflections took 4 ms to scan 1 urls, producing 1 keys and 7 values 
10:25:35:700  INFO 9136 --- [main] org.reflections.Reflections              : Reflections took 6 ms to scan 1 urls, producing 2 keys and 8 values 
10:25:35:701  WARN 9136 --- [main] org.reflections.Reflections              : given scan urls are empty. set urls in the configuration
10:25:35:701  INFO 9136 --- [main] com.alibaba.nacos.common.remote.client   : [9cab401f-f21a-45c2-b98f-5741b55a419f] RpcClient init label, labels = {module=naming, source=sdk}
10:25:35:702  INFO 9136 --- [main] com.alibaba.nacos.common.remote.client   : [9cab401f-f21a-45c2-b98f-5741b55a419f] RpcClient init, ServerListFactory = com.alibaba.nacos.client.naming.core.ServerListManager
10:25:35:702  INFO 9136 --- [main] com.alibaba.nacos.common.remote.client   : [9cab401f-f21a-45c2-b98f-5741b55a419f] Registry connection listener to current client:com.alibaba.nacos.client.naming.remote.gprc.redo.NamingGrpcRedoService
10:25:35:702  INFO 9136 --- [main] com.alibaba.nacos.common.remote.client   : [9cab401f-f21a-45c2-b98f-5741b55a419f] Register server push request handler:com.alibaba.nacos.client.naming.remote.gprc.NamingPushRequestHandler
10:25:35:703  INFO 9136 --- [main] com.alibaba.nacos.common.remote.client   : [9cab401f-f21a-45c2-b98f-5741b55a419f] Try to connect to server on start up, server: {serverIp = '192.168.59.132', server main port = 8848}
10:25:36:368  INFO 9136 --- [main] com.alibaba.nacos.common.remote.client   : [9cab401f-f21a-45c2-b98f-5741b55a419f] Success to connect to server [192.168.59.132:8848] on start up, connectionId = 1722219937132_192.168.59.1_58344
10:25:36:369  INFO 9136 --- [com.alibaba.nacos.client.remote.worker] com.alibaba.nacos.common.remote.client   : [9cab401f-f21a-45c2-b98f-5741b55a419f] Notify connected event to listeners.
10:25:36:370  INFO 9136 --- [main] com.alibaba.nacos.common.remote.client   : [9cab401f-f21a-45c2-b98f-5741b55a419f] Register server push request handler:com.alibaba.nacos.common.remote.client.RpcClient$ConnectResetRequestHandler
10:25:36:370  INFO 9136 --- [main] com.alibaba.nacos.common.remote.client   : [9cab401f-f21a-45c2-b98f-5741b55a419f] Register server push request handler:com.alibaba.nacos.common.remote.client.RpcClient$$Lambda$940/0x000001429578c958
10:25:36:418  INFO 9136 --- [main] o.s.b.w.embedded.tomcat.TomcatWebServer  : Tomcat started on port(s): 8089 (http) with context path ''
10:25:36:424  INFO 9136 --- [main] c.a.c.n.registry.NacosServiceRegistry    : nacos registry, DEFAULT_GROUP user-service 192.168.146.1:8089 register finished
10:25:36:921  INFO 9136 --- [nacos-grpc-client-executor-8] com.alibaba.nacos.common.remote.client   : [9cab401f-f21a-45c2-b98f-5741b55a419f] Receive server push request, request = NotifySubscriberRequest, requestId = 45
10:25:36:925  INFO 9136 --- [nacos-grpc-client-executor-8] com.alibaba.nacos.common.remote.client   : [9cab401f-f21a-45c2-b98f-5741b55a419f] Ack server push request, request = NotifySubscriberRequest, requestId = 45
10:25:37:554  INFO 9136 --- [main] o.s.cloud.commons.util.InetUtils         : Cannot determine local hostname
10:25:37:555  INFO 9136 --- [main] d.s.w.p.DocumentationPluginsBootstrapper : Documentation plugins bootstrapped
10:25:37:560  INFO 9136 --- [main] d.s.w.p.DocumentationPluginsBootstrapper : Found 1 custom documentation plugin(s)
10:25:37:580  INFO 9136 --- [main] s.d.s.w.s.ApiListingReferenceScanner     : Scanning for api listing references
10:25:37:589  INFO 9136 --- [main] com.loser.user.UserApplication           : Started UserApplication in 7.461 seconds (JVM running for 7.902)
10:25:59:801  INFO 9136 --- [http-nio-8089-exec-1] o.a.c.c.C.[Tomcat].[localhost].[/]       : Initializing Spring DispatcherServlet 'dispatcherServlet'
10:25:59:801  INFO 9136 --- [http-nio-8089-exec-1] o.s.web.servlet.DispatcherServlet        : Initializing Servlet 'dispatcherServlet'
10:25:59:803  INFO 9136 --- [http-nio-8089-exec-1] o.s.web.servlet.DispatcherServlet        : Completed initialization in 1 ms
10:26:00:066  INFO 9136 --- [http-nio-8089-exec-1] com.zaxxer.hikari.HikariDataSource       : HikariPool-1 - Starting...
10:26:00:535  INFO 9136 --- [http-nio-8089-exec-1] com.zaxxer.hikari.HikariDataSource       : HikariPool-1 - Start completed.
10:27:34:343  WARN 9136 --- [Thread-4] c.a.nacos.common.notify.NotifyCenter     : [NotifyCenter] Start destroying Publisher
10:27:34:344  WARN 9136 --- [Thread-4] c.a.nacos.common.notify.NotifyCenter     : [NotifyCenter] Destruction of the end
10:27:34:343  WARN 9136 --- [Thread-7] c.a.n.common.http.HttpClientBeanHolder   : [HttpClientBeanHolder] Start destroying common HttpClient
10:27:34:345  WARN 9136 --- [Thread-7] c.a.n.common.http.HttpClientBeanHolder   : [HttpClientBeanHolder] Destruction of the end
10:27:34:408  INFO 9136 --- [SpringApplicationShutdownHook] c.a.c.n.registry.NacosServiceRegistry    : De-registering from Nacos Server now...
10:27:34:416  INFO 9136 --- [SpringApplicationShutdownHook] c.a.c.n.registry.NacosServiceRegistry    : De-registration finished.
10:27:34:760  INFO 9136 --- [SpringApplicationShutdownHook] com.alibaba.nacos.common.remote.client   : Shutdown rpc client, set status to shutdown
10:27:34:760  INFO 9136 --- [SpringApplicationShutdownHook] com.alibaba.nacos.common.remote.client   : Shutdown client event executor java.util.concurrent.ScheduledThreadPoolExecutor@39ab19ac[Running, pool size = 2, active threads = 2, queued tasks = 0, completed tasks = 0]
10:27:34:760  INFO 9136 --- [SpringApplicationShutdownHook] com.alibaba.nacos.common.remote.client   : Close current connection 1722219937132_192.168.59.1_58344
10:27:34:769  INFO 9136 --- [SpringApplicationShutdownHook] c.a.n.c.remote.client.grpc.GrpcClient    : Shutdown grpc executor java.util.concurrent.ThreadPoolExecutor@10f07e74[Running, pool size = 4, active threads = 0, queued tasks = 0, completed tasks = 35]
10:27:34:771  INFO 9136 --- [nacos-grpc-client-executor-35] c.a.n.c.remote.client.grpc.GrpcClient    : [1722219937132_192.168.59.1_58344]Ignore complete event,isRunning:false,isAbandon=false
10:27:34:777  INFO 9136 --- [SpringApplicationShutdownHook] com.zaxxer.hikari.HikariDataSource       : HikariPool-1 - Shutdown initiated...
10:27:34:796  INFO 9136 --- [SpringApplicationShutdownHook] com.zaxxer.hikari.HikariDataSource       : HikariPool-1 - Shutdown completed.
10:55:17:207  INFO 7648 --- [main] com.loser.user.UserApplication           : Starting UserApplication using Java 17.0.9 on LAPTOP-60HRQ1D9 with PID 7648 (D:\SpringCloud project\heima-mall\back-end\src\hmall\user-service\target\classes started by loser in D:\SpringCloud project\heima-mall\back-end\src\hmall)
10:55:17:209  INFO 7648 --- [main] com.loser.user.UserApplication           : The following 1 profile is active: "local"
10:55:17:732  INFO 7648 --- [main] o.s.cloud.context.scope.GenericScope     : BeanFactory id=859a3b1a-a0f9-3680-b99b-b2723c2705c3
10:55:17:918  INFO 7648 --- [main] o.s.b.w.embedded.tomcat.TomcatWebServer  : Tomcat initialized with port(s): 8089 (http)
10:55:17:922  INFO 7648 --- [main] o.apache.catalina.core.StandardService   : Starting service [Tomcat]
10:55:17:923  INFO 7648 --- [main] org.apache.catalina.core.StandardEngine  : Starting Servlet engine: [Apache Tomcat/9.0.75]
10:55:18:037  INFO 7648 --- [main] o.a.c.c.C.[Tomcat].[localhost].[/]       : Initializing Spring embedded WebApplicationContext
10:55:18:037  INFO 7648 --- [main] w.s.c.ServletWebServerApplicationContext : Root WebApplicationContext: initialization completed in 804 ms
10:55:20:057  INFO 7648 --- [main] o.s.cloud.commons.util.InetUtils         : Cannot determine local hostname
10:55:20:077  INFO 7648 --- [main] pertySourcedRequestMappingHandlerMapping : Mapped URL path [/v2/api-docs] onto method [springfox.documentation.swagger2.web.Swagger2ControllerWebMvc#getDocumentation(String, HttpServletRequest)]
10:55:21:242  INFO 7648 --- [main] o.s.cloud.commons.util.InetUtils         : Cannot determine local hostname
10:55:21:310  INFO 7648 --- [main] com.alibaba.nacos.common.remote.client   : [RpcClientFactory] create a new rpc client of 933a8027-c860-48a1-9356-32ec13ba3f63
10:55:21:337  INFO 7648 --- [main] org.reflections.Reflections              : Reflections took 13 ms to scan 1 urls, producing 3 keys and 6 values 
10:55:21:349  INFO 7648 --- [main] org.reflections.Reflections              : Reflections took 5 ms to scan 1 urls, producing 4 keys and 9 values 
10:55:21:359  INFO 7648 --- [main] org.reflections.Reflections              : Reflections took 9 ms to scan 1 urls, producing 3 keys and 10 values 
10:55:21:360  WARN 7648 --- [main] org.reflections.Reflections              : given scan urls are empty. set urls in the configuration
10:55:21:364  INFO 7648 --- [main] org.reflections.Reflections              : Reflections took 4 ms to scan 1 urls, producing 1 keys and 5 values 
10:55:21:369  INFO 7648 --- [main] org.reflections.Reflections              : Reflections took 4 ms to scan 1 urls, producing 1 keys and 7 values 
10:55:21:374  INFO 7648 --- [main] org.reflections.Reflections              : Reflections took 4 ms to scan 1 urls, producing 2 keys and 8 values 
10:55:21:375  WARN 7648 --- [main] org.reflections.Reflections              : given scan urls are empty. set urls in the configuration
10:55:21:375  INFO 7648 --- [main] com.alibaba.nacos.common.remote.client   : [933a8027-c860-48a1-9356-32ec13ba3f63] RpcClient init label, labels = {module=naming, source=sdk}
10:55:21:376  INFO 7648 --- [main] com.alibaba.nacos.common.remote.client   : [933a8027-c860-48a1-9356-32ec13ba3f63] RpcClient init, ServerListFactory = com.alibaba.nacos.client.naming.core.ServerListManager
10:55:21:376  INFO 7648 --- [main] com.alibaba.nacos.common.remote.client   : [933a8027-c860-48a1-9356-32ec13ba3f63] Registry connection listener to current client:com.alibaba.nacos.client.naming.remote.gprc.redo.NamingGrpcRedoService
10:55:21:376  INFO 7648 --- [main] com.alibaba.nacos.common.remote.client   : [933a8027-c860-48a1-9356-32ec13ba3f63] Register server push request handler:com.alibaba.nacos.client.naming.remote.gprc.NamingPushRequestHandler
10:55:21:377  INFO 7648 --- [main] com.alibaba.nacos.common.remote.client   : [933a8027-c860-48a1-9356-32ec13ba3f63] Try to connect to server on start up, server: {serverIp = '192.168.59.132', server main port = 8848}
10:55:22:016  INFO 7648 --- [main] com.alibaba.nacos.common.remote.client   : [933a8027-c860-48a1-9356-32ec13ba3f63] Success to connect to server [192.168.59.132:8848] on start up, connectionId = 1722221722790_192.168.59.1_59046
10:55:22:017  INFO 7648 --- [com.alibaba.nacos.client.remote.worker] com.alibaba.nacos.common.remote.client   : [933a8027-c860-48a1-9356-32ec13ba3f63] Notify connected event to listeners.
10:55:22:017  INFO 7648 --- [main] com.alibaba.nacos.common.remote.client   : [933a8027-c860-48a1-9356-32ec13ba3f63] Register server push request handler:com.alibaba.nacos.common.remote.client.RpcClient$ConnectResetRequestHandler
10:55:22:017  INFO 7648 --- [main] com.alibaba.nacos.common.remote.client   : [933a8027-c860-48a1-9356-32ec13ba3f63] Register server push request handler:com.alibaba.nacos.common.remote.client.RpcClient$$Lambda$940/0x000001fc3e76c6b8
10:55:22:063  INFO 7648 --- [main] o.s.b.w.embedded.tomcat.TomcatWebServer  : Tomcat started on port(s): 8089 (http) with context path ''
10:55:22:073  INFO 7648 --- [main] c.a.c.n.registry.NacosServiceRegistry    : nacos registry, DEFAULT_GROUP user-service 192.168.146.1:8089 register finished
10:55:22:568  INFO 7648 --- [nacos-grpc-client-executor-9] com.alibaba.nacos.common.remote.client   : [933a8027-c860-48a1-9356-32ec13ba3f63] Receive server push request, request = NotifySubscriberRequest, requestId = 57
10:55:22:572  INFO 7648 --- [nacos-grpc-client-executor-9] com.alibaba.nacos.common.remote.client   : [933a8027-c860-48a1-9356-32ec13ba3f63] Ack server push request, request = NotifySubscriberRequest, requestId = 57
10:55:23:186  INFO 7648 --- [main] o.s.cloud.commons.util.InetUtils         : Cannot determine local hostname
10:55:23:187  INFO 7648 --- [main] d.s.w.p.DocumentationPluginsBootstrapper : Documentation plugins bootstrapped
10:55:23:193  INFO 7648 --- [main] d.s.w.p.DocumentationPluginsBootstrapper : Found 1 custom documentation plugin(s)
10:55:23:216  INFO 7648 --- [main] s.d.s.w.s.ApiListingReferenceScanner     : Scanning for api listing references
10:55:23:226  INFO 7648 --- [main] com.loser.user.UserApplication           : Started UserApplication in 7.47 seconds (JVM running for 7.994)
10:55:36:987  INFO 7648 --- [http-nio-8089-exec-1] o.a.c.c.C.[Tomcat].[localhost].[/]       : Initializing Spring DispatcherServlet 'dispatcherServlet'
10:55:36:988  INFO 7648 --- [http-nio-8089-exec-1] o.s.web.servlet.DispatcherServlet        : Initializing Servlet 'dispatcherServlet'
10:55:36:991  INFO 7648 --- [http-nio-8089-exec-1] o.s.web.servlet.DispatcherServlet        : Completed initialization in 2 ms
10:55:37:317  INFO 7648 --- [http-nio-8089-exec-1] com.zaxxer.hikari.HikariDataSource       : HikariPool-1 - Starting...
10:55:37:784  INFO 7648 --- [http-nio-8089-exec-1] com.zaxxer.hikari.HikariDataSource       : HikariPool-1 - Start completed.
10:55:59:574 ERROR 7648 --- [http-nio-8089-exec-2] o.a.c.c.C.[.[.[/].[dispatcherServlet]    : Servlet.service() for servlet [dispatcherServlet] in context with path [] threw exception [Request processing failed; nested exception is java.lang.IllegalArgumentException: ] with root cause

java.lang.IllegalArgumentException: 
	at cn.hutool.core.lang.Assert.lambda$notNull$3(Assert.java:217) ~[hutool-all-5.8.11.jar:na]
	at cn.hutool.core.lang.Assert.notNull(Assert.java:197) ~[hutool-all-5.8.11.jar:na]
	at cn.hutool.core.lang.Assert.notNull(Assert.java:217) ~[hutool-all-5.8.11.jar:na]
	at com.loser.user.service.impl.UserServiceImpl.login(UserServiceImpl.java:50) ~[classes/:na]
	at com.loser.user.service.impl.UserServiceImpl$$FastClassBySpringCGLIB$$5e42a57a.invoke(<generated>) ~[classes/:na]
	at org.springframework.cglib.proxy.MethodProxy.invoke(MethodProxy.java:218) ~[spring-core-5.3.27.jar:5.3.27]
	at org.springframework.aop.framework.CglibAopProxy.invokeMethod(CglibAopProxy.java:386) ~[spring-aop-5.3.27.jar:5.3.27]
	at org.springframework.aop.framework.CglibAopProxy.access$000(CglibAopProxy.java:85) ~[spring-aop-5.3.27.jar:5.3.27]
	at org.springframework.aop.framework.CglibAopProxy$DynamicAdvisedInterceptor.intercept(CglibAopProxy.java:704) ~[spring-aop-5.3.27.jar:5.3.27]
	at com.loser.user.service.impl.UserServiceImpl$$EnhancerBySpringCGLIB$$f11ff13d.login(<generated>) ~[classes/:na]
	at com.loser.user.controller.UserController.login(UserController.java:26) ~[classes/:na]
	at java.base/jdk.internal.reflect.NativeMethodAccessorImpl.invoke0(Native Method) ~[na:na]
	at java.base/jdk.internal.reflect.NativeMethodAccessorImpl.invoke(NativeMethodAccessorImpl.java:77) ~[na:na]
	at java.base/jdk.internal.reflect.DelegatingMethodAccessorImpl.invoke(DelegatingMethodAccessorImpl.java:43) ~[na:na]
	at java.base/java.lang.reflect.Method.invoke(Method.java:568) ~[na:na]
	at org.springframework.web.method.support.InvocableHandlerMethod.doInvoke(InvocableHandlerMethod.java:205) ~[spring-web-5.3.27.jar:5.3.27]
	at org.springframework.web.method.support.InvocableHandlerMethod.invokeForRequest(InvocableHandlerMethod.java:150) ~[spring-web-5.3.27.jar:5.3.27]
	at org.springframework.web.servlet.mvc.method.annotation.ServletInvocableHandlerMethod.invokeAndHandle(ServletInvocableHandlerMethod.java:117) ~[spring-webmvc-5.3.27.jar:5.3.27]
	at org.springframework.web.servlet.mvc.method.annotation.RequestMappingHandlerAdapter.invokeHandlerMethod(RequestMappingHandlerAdapter.java:895) ~[spring-webmvc-5.3.27.jar:5.3.27]
	at org.springframework.web.servlet.mvc.method.annotation.RequestMappingHandlerAdapter.handleInternal(RequestMappingHandlerAdapter.java:808) ~[spring-webmvc-5.3.27.jar:5.3.27]
	at org.springframework.web.servlet.mvc.method.AbstractHandlerMethodAdapter.handle(AbstractHandlerMethodAdapter.java:87) ~[spring-webmvc-5.3.27.jar:5.3.27]
	at org.springframework.web.servlet.DispatcherServlet.doDispatch(DispatcherServlet.java:1072) ~[spring-webmvc-5.3.27.jar:5.3.27]
	at org.springframework.web.servlet.DispatcherServlet.doService(DispatcherServlet.java:965) ~[spring-webmvc-5.3.27.jar:5.3.27]
	at org.springframework.web.servlet.FrameworkServlet.processRequest(FrameworkServlet.java:1006) ~[spring-webmvc-5.3.27.jar:5.3.27]
	at org.springframework.web.servlet.FrameworkServlet.doPost(FrameworkServlet.java:909) ~[spring-webmvc-5.3.27.jar:5.3.27]
	at javax.servlet.http.HttpServlet.service(HttpServlet.java:555) ~[tomcat-embed-core-9.0.75.jar:4.0.FR]
	at org.springframework.web.servlet.FrameworkServlet.service(FrameworkServlet.java:883) ~[spring-webmvc-5.3.27.jar:5.3.27]
	at javax.servlet.http.HttpServlet.service(HttpServlet.java:623) ~[tomcat-embed-core-9.0.75.jar:4.0.FR]
	at org.apache.catalina.core.ApplicationFilterChain.internalDoFilter(ApplicationFilterChain.java:209) ~[tomcat-embed-core-9.0.75.jar:9.0.75]
	at org.apache.catalina.core.ApplicationFilterChain.doFilter(ApplicationFilterChain.java:153) ~[tomcat-embed-core-9.0.75.jar:9.0.75]
	at org.apache.tomcat.websocket.server.WsFilter.doFilter(WsFilter.java:51) ~[tomcat-embed-websocket-9.0.75.jar:9.0.75]
	at org.apache.catalina.core.ApplicationFilterChain.internalDoFilter(ApplicationFilterChain.java:178) ~[tomcat-embed-core-9.0.75.jar:9.0.75]
	at org.apache.catalina.core.ApplicationFilterChain.doFilter(ApplicationFilterChain.java:153) ~[tomcat-embed-core-9.0.75.jar:9.0.75]
	at org.springframework.web.filter.RequestContextFilter.doFilterInternal(RequestContextFilter.java:100) ~[spring-web-5.3.27.jar:5.3.27]
	at org.springframework.web.filter.OncePerRequestFilter.doFilter(OncePerRequestFilter.java:117) ~[spring-web-5.3.27.jar:5.3.27]
	at org.apache.catalina.core.ApplicationFilterChain.internalDoFilter(ApplicationFilterChain.java:178) ~[tomcat-embed-core-9.0.75.jar:9.0.75]
	at org.apache.catalina.core.ApplicationFilterChain.doFilter(ApplicationFilterChain.java:153) ~[tomcat-embed-core-9.0.75.jar:9.0.75]
	at org.springframework.web.filter.FormContentFilter.doFilterInternal(FormContentFilter.java:93) ~[spring-web-5.3.27.jar:5.3.27]
	at org.springframework.web.filter.OncePerRequestFilter.doFilter(OncePerRequestFilter.java:117) ~[spring-web-5.3.27.jar:5.3.27]
	at org.apache.catalina.core.ApplicationFilterChain.internalDoFilter(ApplicationFilterChain.java:178) ~[tomcat-embed-core-9.0.75.jar:9.0.75]
	at org.apache.catalina.core.ApplicationFilterChain.doFilter(ApplicationFilterChain.java:153) ~[tomcat-embed-core-9.0.75.jar:9.0.75]
	at org.springframework.web.filter.CharacterEncodingFilter.doFilterInternal(CharacterEncodingFilter.java:201) ~[spring-web-5.3.27.jar:5.3.27]
	at org.springframework.web.filter.OncePerRequestFilter.doFilter(OncePerRequestFilter.java:117) ~[spring-web-5.3.27.jar:5.3.27]
	at org.apache.catalina.core.ApplicationFilterChain.internalDoFilter(ApplicationFilterChain.java:178) ~[tomcat-embed-core-9.0.75.jar:9.0.75]
	at org.apache.catalina.core.ApplicationFilterChain.doFilter(ApplicationFilterChain.java:153) ~[tomcat-embed-core-9.0.75.jar:9.0.75]
	at org.apache.catalina.core.StandardWrapperValve.invoke(StandardWrapperValve.java:167) ~[tomcat-embed-core-9.0.75.jar:9.0.75]
	at org.apache.catalina.core.StandardContextValve.invoke(StandardContextValve.java:90) ~[tomcat-embed-core-9.0.75.jar:9.0.75]
	at org.apache.catalina.authenticator.AuthenticatorBase.invoke(AuthenticatorBase.java:481) ~[tomcat-embed-core-9.0.75.jar:9.0.75]
	at org.apache.catalina.core.StandardHostValve.invoke(StandardHostValve.java:130) ~[tomcat-embed-core-9.0.75.jar:9.0.75]
	at org.apache.catalina.valves.ErrorReportValve.invoke(ErrorReportValve.java:93) ~[tomcat-embed-core-9.0.75.jar:9.0.75]
	at org.apache.catalina.core.StandardEngineValve.invoke(StandardEngineValve.java:74) ~[tomcat-embed-core-9.0.75.jar:9.0.75]
	at org.apache.catalina.connector.CoyoteAdapter.service(CoyoteAdapter.java:343) ~[tomcat-embed-core-9.0.75.jar:9.0.75]
	at org.apache.coyote.http11.Http11Processor.service(Http11Processor.java:390) ~[tomcat-embed-core-9.0.75.jar:9.0.75]
	at org.apache.coyote.AbstractProcessorLight.process(AbstractProcessorLight.java:63) ~[tomcat-embed-core-9.0.75.jar:9.0.75]
	at org.apache.coyote.AbstractProtocol$ConnectionHandler.process(AbstractProtocol.java:926) ~[tomcat-embed-core-9.0.75.jar:9.0.75]
	at org.apache.tomcat.util.net.NioEndpoint$SocketProcessor.doRun(NioEndpoint.java:1791) ~[tomcat-embed-core-9.0.75.jar:9.0.75]
	at org.apache.tomcat.util.net.SocketProcessorBase.run(SocketProcessorBase.java:52) ~[tomcat-embed-core-9.0.75.jar:9.0.75]
	at org.apache.tomcat.util.threads.ThreadPoolExecutor.runWorker(ThreadPoolExecutor.java:1191) ~[tomcat-embed-core-9.0.75.jar:9.0.75]
	at org.apache.tomcat.util.threads.ThreadPoolExecutor$Worker.run(ThreadPoolExecutor.java:659) ~[tomcat-embed-core-9.0.75.jar:9.0.75]
	at org.apache.tomcat.util.threads.TaskThread$WrappingRunnable.run(TaskThread.java:61) ~[tomcat-embed-core-9.0.75.jar:9.0.75]
	at java.base/java.lang.Thread.run(Thread.java:842) ~[na:na]

10:57:14:689  WARN 7648 --- [Thread-4] c.a.nacos.common.notify.NotifyCenter     : [NotifyCenter] Start destroying Publisher
10:57:14:689  WARN 7648 --- [Thread-7] c.a.n.common.http.HttpClientBeanHolder   : [HttpClientBeanHolder] Start destroying common HttpClient
10:57:14:689  WARN 7648 --- [Thread-4] c.a.nacos.common.notify.NotifyCenter     : [NotifyCenter] Destruction of the end
10:57:14:691  WARN 7648 --- [Thread-7] c.a.n.common.http.HttpClientBeanHolder   : [HttpClientBeanHolder] Destruction of the end
10:57:14:714  INFO 7648 --- [SpringApplicationShutdownHook] c.a.c.n.registry.NacosServiceRegistry    : De-registering from Nacos Server now...
10:57:14:720  INFO 7648 --- [SpringApplicationShutdownHook] c.a.c.n.registry.NacosServiceRegistry    : De-registration finished.
10:57:15:051  INFO 7648 --- [SpringApplicationShutdownHook] com.alibaba.nacos.common.remote.client   : Shutdown rpc client, set status to shutdown
10:57:15:051  INFO 7648 --- [SpringApplicationShutdownHook] com.alibaba.nacos.common.remote.client   : Shutdown client event executor java.util.concurrent.ScheduledThreadPoolExecutor@293eaed1[Running, pool size = 2, active threads = 2, queued tasks = 0, completed tasks = 0]
10:57:15:052  INFO 7648 --- [SpringApplicationShutdownHook] com.alibaba.nacos.common.remote.client   : Close current connection 1722221722790_192.168.59.1_59046
10:57:15:055  INFO 7648 --- [nacos-grpc-client-executor-35] c.a.n.c.remote.client.grpc.GrpcClient    : [1722221722790_192.168.59.1_59046]Ignore complete event,isRunning:false,isAbandon=false
10:57:15:057  INFO 7648 --- [SpringApplicationShutdownHook] c.a.n.c.remote.client.grpc.GrpcClient    : Shutdown grpc executor java.util.concurrent.ThreadPoolExecutor@43c2fbdb[Running, pool size = 5, active threads = 0, queued tasks = 0, completed tasks = 36]
10:57:15:059  INFO 7648 --- [SpringApplicationShutdownHook] com.zaxxer.hikari.HikariDataSource       : HikariPool-1 - Shutdown initiated...
10:57:15:067  INFO 7648 --- [SpringApplicationShutdownHook] com.zaxxer.hikari.HikariDataSource       : HikariPool-1 - Shutdown completed.
15:36:51:162  INFO 3652 --- [main] com.loser.user.UserApplication           : Starting UserApplication using Java 17.0.9 on LAPTOP-60HRQ1D9 with PID 3652 (D:\SpringCloud project\heima-mall\back-end\src\hmall\user-service\target\classes started by loser in D:\SpringCloud project\heima-mall\back-end\src\hmall)
15:36:51:164  INFO 3652 --- [main] com.loser.user.UserApplication           : The following 1 profile is active: "local"
15:36:51:674  INFO 3652 --- [main] o.s.cloud.context.scope.GenericScope     : BeanFactory id=859a3b1a-a0f9-3680-b99b-b2723c2705c3
15:36:51:853  INFO 3652 --- [main] o.s.b.w.embedded.tomcat.TomcatWebServer  : Tomcat initialized with port(s): 8089 (http)
15:36:51:859  INFO 3652 --- [main] o.apache.catalina.core.StandardService   : Starting service [Tomcat]
15:36:51:859  INFO 3652 --- [main] org.apache.catalina.core.StandardEngine  : Starting Servlet engine: [Apache Tomcat/9.0.75]
15:36:51:964  INFO 3652 --- [main] o.a.c.c.C.[Tomcat].[localhost].[/]       : Initializing Spring embedded WebApplicationContext
15:36:51:965  INFO 3652 --- [main] w.s.c.ServletWebServerApplicationContext : Root WebApplicationContext: initialization completed in 777 ms
15:36:53:918  INFO 3652 --- [main] o.s.cloud.commons.util.InetUtils         : Cannot determine local hostname
15:36:53:944  INFO 3652 --- [main] pertySourcedRequestMappingHandlerMapping : Mapped URL path [/v2/api-docs] onto method [springfox.documentation.swagger2.web.Swagger2ControllerWebMvc#getDocumentation(String, HttpServletRequest)]
15:36:55:097  INFO 3652 --- [main] o.s.cloud.commons.util.InetUtils         : Cannot determine local hostname
15:36:55:170  INFO 3652 --- [main] com.alibaba.nacos.common.remote.client   : [RpcClientFactory] create a new rpc client of 02284ad1-3c69-41b7-9b4b-9ed138ddc252
15:36:55:201  INFO 3652 --- [main] org.reflections.Reflections              : Reflections took 14 ms to scan 1 urls, producing 3 keys and 6 values 
15:36:55:216  INFO 3652 --- [main] org.reflections.Reflections              : Reflections took 6 ms to scan 1 urls, producing 4 keys and 9 values 
15:36:55:222  INFO 3652 --- [main] org.reflections.Reflections              : Reflections took 4 ms to scan 1 urls, producing 3 keys and 10 values 
15:36:55:223  WARN 3652 --- [main] org.reflections.Reflections              : given scan urls are empty. set urls in the configuration
15:36:55:229  INFO 3652 --- [main] org.reflections.Reflections              : Reflections took 4 ms to scan 1 urls, producing 1 keys and 5 values 
15:36:55:235  INFO 3652 --- [main] org.reflections.Reflections              : Reflections took 5 ms to scan 1 urls, producing 1 keys and 7 values 
15:36:55:241  INFO 3652 --- [main] org.reflections.Reflections              : Reflections took 5 ms to scan 1 urls, producing 2 keys and 8 values 
15:36:55:242  WARN 3652 --- [main] org.reflections.Reflections              : given scan urls are empty. set urls in the configuration
15:36:55:242  INFO 3652 --- [main] com.alibaba.nacos.common.remote.client   : [02284ad1-3c69-41b7-9b4b-9ed138ddc252] RpcClient init label, labels = {module=naming, source=sdk}
15:36:55:243  INFO 3652 --- [main] com.alibaba.nacos.common.remote.client   : [02284ad1-3c69-41b7-9b4b-9ed138ddc252] RpcClient init, ServerListFactory = com.alibaba.nacos.client.naming.core.ServerListManager
15:36:55:243  INFO 3652 --- [main] com.alibaba.nacos.common.remote.client   : [02284ad1-3c69-41b7-9b4b-9ed138ddc252] Registry connection listener to current client:com.alibaba.nacos.client.naming.remote.gprc.redo.NamingGrpcRedoService
15:36:55:243  INFO 3652 --- [main] com.alibaba.nacos.common.remote.client   : [02284ad1-3c69-41b7-9b4b-9ed138ddc252] Register server push request handler:com.alibaba.nacos.client.naming.remote.gprc.NamingPushRequestHandler
15:36:55:244  INFO 3652 --- [main] com.alibaba.nacos.common.remote.client   : [02284ad1-3c69-41b7-9b4b-9ed138ddc252] Try to connect to server on start up, server: {serverIp = '192.168.59.132', server main port = 8848}
15:36:55:908  INFO 3652 --- [main] com.alibaba.nacos.common.remote.client   : [02284ad1-3c69-41b7-9b4b-9ed138ddc252] Success to connect to server [192.168.59.132:8848] on start up, connectionId = 1722238617040_192.168.59.1_65114
15:36:55:909  INFO 3652 --- [main] com.alibaba.nacos.common.remote.client   : [02284ad1-3c69-41b7-9b4b-9ed138ddc252] Register server push request handler:com.alibaba.nacos.common.remote.client.RpcClient$ConnectResetRequestHandler
15:36:55:909  INFO 3652 --- [com.alibaba.nacos.client.remote.worker] com.alibaba.nacos.common.remote.client   : [02284ad1-3c69-41b7-9b4b-9ed138ddc252] Notify connected event to listeners.
15:36:55:909  INFO 3652 --- [main] com.alibaba.nacos.common.remote.client   : [02284ad1-3c69-41b7-9b4b-9ed138ddc252] Register server push request handler:com.alibaba.nacos.common.remote.client.RpcClient$$Lambda$940/0x000002d02a76bda0
15:36:55:949  INFO 3652 --- [main] o.s.b.w.embedded.tomcat.TomcatWebServer  : Tomcat started on port(s): 8089 (http) with context path ''
15:36:55:961  INFO 3652 --- [main] c.a.c.n.registry.NacosServiceRegistry    : nacos registry, DEFAULT_GROUP user-service 192.168.146.1:8089 register finished
15:36:56:540  INFO 3652 --- [nacos-grpc-client-executor-9] com.alibaba.nacos.common.remote.client   : [02284ad1-3c69-41b7-9b4b-9ed138ddc252] Receive server push request, request = NotifySubscriberRequest, requestId = 8
15:36:56:542  INFO 3652 --- [nacos-grpc-client-executor-9] com.alibaba.nacos.common.remote.client   : [02284ad1-3c69-41b7-9b4b-9ed138ddc252] Ack server push request, request = NotifySubscriberRequest, requestId = 8
15:36:57:075  INFO 3652 --- [main] o.s.cloud.commons.util.InetUtils         : Cannot determine local hostname
15:36:57:077  INFO 3652 --- [main] d.s.w.p.DocumentationPluginsBootstrapper : Documentation plugins bootstrapped
15:36:57:083  INFO 3652 --- [main] d.s.w.p.DocumentationPluginsBootstrapper : Found 1 custom documentation plugin(s)
15:36:57:102  INFO 3652 --- [main] s.d.s.w.s.ApiListingReferenceScanner     : Scanning for api listing references
15:36:57:112  INFO 3652 --- [main] com.loser.user.UserApplication           : Started UserApplication in 7.339 seconds (JVM running for 7.818)
15:37:56:256  INFO 3652 --- [http-nio-8089-exec-1] o.a.c.c.C.[Tomcat].[localhost].[/]       : Initializing Spring DispatcherServlet 'dispatcherServlet'
15:37:56:256  INFO 3652 --- [http-nio-8089-exec-1] o.s.web.servlet.DispatcherServlet        : Initializing Servlet 'dispatcherServlet'
15:37:56:258  INFO 3652 --- [http-nio-8089-exec-1] o.s.web.servlet.DispatcherServlet        : Completed initialization in 2 ms
15:37:56:554  INFO 3652 --- [http-nio-8089-exec-1] com.zaxxer.hikari.HikariDataSource       : HikariPool-1 - Starting...
15:37:57:062  INFO 3652 --- [http-nio-8089-exec-1] com.zaxxer.hikari.HikariDataSource       : HikariPool-1 - Start completed.
15:39:36:575  WARN 3652 --- [Thread-4] c.a.nacos.common.notify.NotifyCenter     : [NotifyCenter] Start destroying Publisher
15:39:36:575  WARN 3652 --- [Thread-7] c.a.n.common.http.HttpClientBeanHolder   : [HttpClientBeanHolder] Start destroying common HttpClient
15:39:36:575  WARN 3652 --- [Thread-4] c.a.nacos.common.notify.NotifyCenter     : [NotifyCenter] Destruction of the end
15:39:36:576  WARN 3652 --- [Thread-7] c.a.n.common.http.HttpClientBeanHolder   : [HttpClientBeanHolder] Destruction of the end
15:39:36:651  INFO 3652 --- [SpringApplicationShutdownHook] c.a.c.n.registry.NacosServiceRegistry    : De-registering from Nacos Server now...
15:39:36:661  INFO 3652 --- [SpringApplicationShutdownHook] c.a.c.n.registry.NacosServiceRegistry    : De-registration finished.
15:39:36:988  INFO 3652 --- [SpringApplicationShutdownHook] com.alibaba.nacos.common.remote.client   : Shutdown rpc client, set status to shutdown
15:39:36:988  INFO 3652 --- [SpringApplicationShutdownHook] com.alibaba.nacos.common.remote.client   : Shutdown client event executor java.util.concurrent.ScheduledThreadPoolExecutor@540b6a3c[Running, pool size = 2, active threads = 2, queued tasks = 0, completed tasks = 0]
15:39:36:988  INFO 3652 --- [SpringApplicationShutdownHook] com.alibaba.nacos.common.remote.client   : Close current connection 1722238617040_192.168.59.1_65114
15:39:36:990  INFO 3652 --- [nacos-grpc-client-executor-45] c.a.n.c.remote.client.grpc.GrpcClient    : [1722238617040_192.168.59.1_65114]Ignore complete event,isRunning:false,isAbandon=false
15:39:36:996  INFO 3652 --- [SpringApplicationShutdownHook] c.a.n.c.remote.client.grpc.GrpcClient    : Shutdown grpc executor java.util.concurrent.ThreadPoolExecutor@2ea1e5b2[Running, pool size = 5, active threads = 0, queued tasks = 0, completed tasks = 46]
15:39:37:002  INFO 3652 --- [SpringApplicationShutdownHook] com.zaxxer.hikari.HikariDataSource       : HikariPool-1 - Shutdown initiated...
15:39:37:029  INFO 3652 --- [SpringApplicationShutdownHook] com.zaxxer.hikari.HikariDataSource       : HikariPool-1 - Shutdown completed.
16:14:38:140  INFO 15648 --- [main] com.loser.user.UserApplication           : Starting UserApplication using Java 17.0.9 on LAPTOP-60HRQ1D9 with PID 15648 (D:\SpringCloud project\heima-mall\back-end\src\hmall\user-service\target\classes started by loser in D:\SpringCloud project\heima-mall\back-end\src\hmall)
16:14:38:141  INFO 15648 --- [main] com.loser.user.UserApplication           : The following 1 profile is active: "local"
16:14:38:674  INFO 15648 --- [main] o.s.cloud.context.scope.GenericScope     : BeanFactory id=859a3b1a-a0f9-3680-b99b-b2723c2705c3
16:14:38:860  INFO 15648 --- [main] o.s.b.w.embedded.tomcat.TomcatWebServer  : Tomcat initialized with port(s): 8089 (http)
16:14:38:865  INFO 15648 --- [main] o.apache.catalina.core.StandardService   : Starting service [Tomcat]
16:14:38:865  INFO 15648 --- [main] org.apache.catalina.core.StandardEngine  : Starting Servlet engine: [Apache Tomcat/9.0.75]
16:14:38:973  INFO 15648 --- [main] o.a.c.c.C.[Tomcat].[localhost].[/]       : Initializing Spring embedded WebApplicationContext
16:14:38:973  INFO 15648 --- [main] w.s.c.ServletWebServerApplicationContext : Root WebApplicationContext: initialization completed in 807 ms
16:14:40:963  INFO 15648 --- [main] o.s.cloud.commons.util.InetUtils         : Cannot determine local hostname
16:14:40:988  INFO 15648 --- [main] pertySourcedRequestMappingHandlerMapping : Mapped URL path [/v2/api-docs] onto method [springfox.documentation.swagger2.web.Swagger2ControllerWebMvc#getDocumentation(String, HttpServletRequest)]
16:14:42:132  INFO 15648 --- [main] o.s.cloud.commons.util.InetUtils         : Cannot determine local hostname
16:14:42:212  INFO 15648 --- [main] com.alibaba.nacos.common.remote.client   : [RpcClientFactory] create a new rpc client of bced5cc2-b9d1-4355-9757-d606ba332f08
16:14:42:244  INFO 15648 --- [main] org.reflections.Reflections              : Reflections took 17 ms to scan 1 urls, producing 3 keys and 6 values 
16:14:42:257  INFO 15648 --- [main] org.reflections.Reflections              : Reflections took 5 ms to scan 1 urls, producing 4 keys and 9 values 
16:14:42:262  INFO 15648 --- [main] org.reflections.Reflections              : Reflections took 3 ms to scan 1 urls, producing 3 keys and 10 values 
16:14:42:263  WARN 15648 --- [main] org.reflections.Reflections              : given scan urls are empty. set urls in the configuration
16:14:42:267  INFO 15648 --- [main] org.reflections.Reflections              : Reflections took 4 ms to scan 1 urls, producing 1 keys and 5 values 
16:14:42:272  INFO 15648 --- [main] org.reflections.Reflections              : Reflections took 4 ms to scan 1 urls, producing 1 keys and 7 values 
16:14:42:277  INFO 15648 --- [main] org.reflections.Reflections              : Reflections took 4 ms to scan 1 urls, producing 2 keys and 8 values 
16:14:42:277  WARN 15648 --- [main] org.reflections.Reflections              : given scan urls are empty. set urls in the configuration
16:14:42:278  INFO 15648 --- [main] com.alibaba.nacos.common.remote.client   : [bced5cc2-b9d1-4355-9757-d606ba332f08] RpcClient init label, labels = {module=naming, source=sdk}
16:14:42:279  INFO 15648 --- [main] com.alibaba.nacos.common.remote.client   : [bced5cc2-b9d1-4355-9757-d606ba332f08] RpcClient init, ServerListFactory = com.alibaba.nacos.client.naming.core.ServerListManager
16:14:42:279  INFO 15648 --- [main] com.alibaba.nacos.common.remote.client   : [bced5cc2-b9d1-4355-9757-d606ba332f08] Registry connection listener to current client:com.alibaba.nacos.client.naming.remote.gprc.redo.NamingGrpcRedoService
16:14:42:279  INFO 15648 --- [main] com.alibaba.nacos.common.remote.client   : [bced5cc2-b9d1-4355-9757-d606ba332f08] Register server push request handler:com.alibaba.nacos.client.naming.remote.gprc.NamingPushRequestHandler
16:14:42:280  INFO 15648 --- [main] com.alibaba.nacos.common.remote.client   : [bced5cc2-b9d1-4355-9757-d606ba332f08] Try to connect to server on start up, server: {serverIp = '192.168.59.132', server main port = 8848}
16:14:42:920  INFO 15648 --- [main] com.alibaba.nacos.common.remote.client   : [bced5cc2-b9d1-4355-9757-d606ba332f08] Success to connect to server [192.168.59.132:8848] on start up, connectionId = 1722240884058_192.168.59.1_49860
16:14:42:923  INFO 15648 --- [com.alibaba.nacos.client.remote.worker] com.alibaba.nacos.common.remote.client   : [bced5cc2-b9d1-4355-9757-d606ba332f08] Notify connected event to listeners.
16:14:42:923  INFO 15648 --- [main] com.alibaba.nacos.common.remote.client   : [bced5cc2-b9d1-4355-9757-d606ba332f08] Register server push request handler:com.alibaba.nacos.common.remote.client.RpcClient$ConnectResetRequestHandler
16:14:42:924  INFO 15648 --- [main] com.alibaba.nacos.common.remote.client   : [bced5cc2-b9d1-4355-9757-d606ba332f08] Register server push request handler:com.alibaba.nacos.common.remote.client.RpcClient$$Lambda$940/0x000001b49f76c8c0
16:14:42:970  INFO 15648 --- [main] o.s.b.w.embedded.tomcat.TomcatWebServer  : Tomcat started on port(s): 8089 (http) with context path ''
16:14:42:977  INFO 15648 --- [main] c.a.c.n.registry.NacosServiceRegistry    : nacos registry, DEFAULT_GROUP user-service 192.168.146.1:8089 register finished
16:14:43:507  INFO 15648 --- [nacos-grpc-client-executor-9] com.alibaba.nacos.common.remote.client   : [bced5cc2-b9d1-4355-9757-d606ba332f08] Receive server push request, request = NotifySubscriberRequest, requestId = 21
16:14:43:511  INFO 15648 --- [nacos-grpc-client-executor-9] com.alibaba.nacos.common.remote.client   : [bced5cc2-b9d1-4355-9757-d606ba332f08] Ack server push request, request = NotifySubscriberRequest, requestId = 21
16:14:44:089  INFO 15648 --- [main] o.s.cloud.commons.util.InetUtils         : Cannot determine local hostname
16:14:44:089  INFO 15648 --- [main] d.s.w.p.DocumentationPluginsBootstrapper : Documentation plugins bootstrapped
16:14:44:094  INFO 15648 --- [main] d.s.w.p.DocumentationPluginsBootstrapper : Found 1 custom documentation plugin(s)
16:14:44:117  INFO 15648 --- [main] s.d.s.w.s.ApiListingReferenceScanner     : Scanning for api listing references
16:14:44:126  INFO 15648 --- [main] com.loser.user.UserApplication           : Started UserApplication in 7.371 seconds (JVM running for 7.803)
16:15:38:471  WARN 15648 --- [Thread-4] c.a.nacos.common.notify.NotifyCenter     : [NotifyCenter] Start destroying Publisher
16:15:38:471  WARN 15648 --- [Thread-7] c.a.n.common.http.HttpClientBeanHolder   : [HttpClientBeanHolder] Start destroying common HttpClient
16:15:38:472  WARN 15648 --- [Thread-4] c.a.nacos.common.notify.NotifyCenter     : [NotifyCenter] Destruction of the end
16:15:38:472  WARN 15648 --- [Thread-7] c.a.n.common.http.HttpClientBeanHolder   : [HttpClientBeanHolder] Destruction of the end
16:15:38:497  INFO 15648 --- [SpringApplicationShutdownHook] c.a.c.n.registry.NacosServiceRegistry    : De-registering from Nacos Server now...
16:15:38:503  INFO 15648 --- [SpringApplicationShutdownHook] c.a.c.n.registry.NacosServiceRegistry    : De-registration finished.
16:15:38:837  INFO 15648 --- [SpringApplicationShutdownHook] com.alibaba.nacos.common.remote.client   : Shutdown rpc client, set status to shutdown
16:15:38:837  INFO 15648 --- [SpringApplicationShutdownHook] com.alibaba.nacos.common.remote.client   : Shutdown client event executor java.util.concurrent.ScheduledThreadPoolExecutor@237e0a36[Running, pool size = 2, active threads = 2, queued tasks = 0, completed tasks = 0]
16:15:38:837  INFO 15648 --- [SpringApplicationShutdownHook] com.alibaba.nacos.common.remote.client   : Close current connection 1722240884058_192.168.59.1_49860
16:15:38:838  INFO 15648 --- [nacos-grpc-client-executor-23] c.a.n.c.remote.client.grpc.GrpcClient    : [1722240884058_192.168.59.1_49860]Ignore complete event,isRunning:false,isAbandon=false
16:15:38:840  INFO 15648 --- [SpringApplicationShutdownHook] c.a.n.c.remote.client.grpc.GrpcClient    : Shutdown grpc executor java.util.concurrent.ThreadPoolExecutor@5191ce50[Running, pool size = 5, active threads = 0, queued tasks = 0, completed tasks = 24]
